[2024-11-21 09:54:37,159] {taskinstance.py:896} INFO - Dependencies all met for <TaskInstance: booking_ingestion.load_data 2024-11-20T09:54:15.978328+00:00 [queued]>
[2024-11-21 09:54:37,516] {taskinstance.py:896} INFO - Dependencies all met for <TaskInstance: booking_ingestion.load_data 2024-11-20T09:54:15.978328+00:00 [queued]>
[2024-11-21 09:54:37,520] {taskinstance.py:1087} INFO - 
--------------------------------------------------------------------------------
[2024-11-21 09:54:37,540] {taskinstance.py:1088} INFO - Starting attempt 1 of 1
[2024-11-21 09:54:37,540] {taskinstance.py:1089} INFO - 
--------------------------------------------------------------------------------
[2024-11-21 09:54:38,339] {taskinstance.py:1107} INFO - Executing <Task(PythonOperator): load_data> on 2024-11-20T09:54:15.978328+00:00
[2024-11-21 09:54:38,358] {standard_task_runner.py:52} INFO - Started process 48 to run task
[2024-11-21 09:54:38,363] {standard_task_runner.py:76} INFO - Running: ['airflow', 'tasks', 'run', 'booking_ingestion', 'load_data', '2024-11-20T09:54:15.978328+00:00', '--job-id', '13', '--pool', 'default_pool', '--raw', '--subdir', 'DAGS_FOLDER/data_injestion_dag/main.py', '--cfg-path', '/tmp/tmp_hcrmfzi', '--error-file', '/tmp/tmp10mtd_86']
[2024-11-21 09:54:38,367] {standard_task_runner.py:77} INFO - Job 13: Subtask load_data
[2024-11-21 09:54:39,167] {logging_mixin.py:104} INFO - Running <TaskInstance: booking_ingestion.load_data 2024-11-20T09:54:15.978328+00:00 [running]> on host bf5936288309
[2024-11-21 09:54:40,539] {taskinstance.py:1300} INFO - Exporting the following env vars:
AIRFLOW_CTX_DAG_OWNER=chakradhar
AIRFLOW_CTX_DAG_ID=booking_ingestion
AIRFLOW_CTX_TASK_ID=load_data
AIRFLOW_CTX_EXECUTION_DATE=2024-11-20T09:54:15.978328+00:00
AIRFLOW_CTX_DAG_RUN_ID=scheduled__2024-11-20T09:54:15.978328+00:00
[2024-11-21 09:54:41,291] {python.py:151} INFO - Done. Returned value was: None
[2024-11-21 09:54:41,438] {taskinstance.py:1204} INFO - Marking task as SUCCESS. dag_id=booking_ingestion, task_id=load_data, execution_date=20241120T095415, start_date=20241121T095437, end_date=20241121T095441
[2024-11-21 09:54:42,292] {taskinstance.py:1265} INFO - 0 downstream tasks scheduled from follow-on schedule check
[2024-11-21 09:54:42,314] {local_task_job.py:151} INFO - Task exited with return code 0
