[2024-12-04 06:21:06,289] {taskinstance.py:896} INFO - Dependencies all met for <TaskInstance: KPIs_for_Hourly.list_of_kpi 2024-12-03T12:00:00+00:00 [queued]>
[2024-12-04 06:21:06,335] {taskinstance.py:896} INFO - Dependencies all met for <TaskInstance: KPIs_for_Hourly.list_of_kpi 2024-12-03T12:00:00+00:00 [queued]>
[2024-12-04 06:21:06,336] {taskinstance.py:1087} INFO - 
--------------------------------------------------------------------------------
[2024-12-04 06:21:06,337] {taskinstance.py:1088} INFO - Starting attempt 1 of 3
[2024-12-04 06:21:06,338] {taskinstance.py:1089} INFO - 
--------------------------------------------------------------------------------
[2024-12-04 06:21:06,445] {taskinstance.py:1107} INFO - Executing <Task(PythonOperator): list_of_kpi> on 2024-12-03T12:00:00+00:00
[2024-12-04 06:21:06,453] {standard_task_runner.py:52} INFO - Started process 48 to run task
[2024-12-04 06:21:06,459] {standard_task_runner.py:76} INFO - Running: ['airflow', 'tasks', 'run', 'KPIs_for_Hourly', 'list_of_kpi', '2024-12-03T12:00:00+00:00', '--job-id', '488', '--pool', 'default_pool', '--raw', '--subdir', 'DAGS_FOLDER/Kpi_dags/main.py', '--cfg-path', '/tmp/tmpuis5kq5r', '--error-file', '/tmp/tmpumwfl3wu']
[2024-12-04 06:21:06,460] {standard_task_runner.py:77} INFO - Job 488: Subtask list_of_kpi
[2024-12-04 06:21:06,623] {logging_mixin.py:104} INFO - Running <TaskInstance: KPIs_for_Hourly.list_of_kpi 2024-12-03T12:00:00+00:00 [running]> on host 22a8df8403b9
[2024-12-04 06:21:06,887] {taskinstance.py:1300} INFO - Exporting the following env vars:
AIRFLOW_CTX_DAG_OWNER=Rule Manager
AIRFLOW_CTX_DAG_ID=KPIs_for_Hourly
AIRFLOW_CTX_TASK_ID=list_of_kpi
AIRFLOW_CTX_EXECUTION_DATE=2024-12-03T12:00:00+00:00
AIRFLOW_CTX_DAG_RUN_ID=scheduled__2024-12-03T12:00:00+00:00
[2024-12-04 06:21:06,891] {main.py:117} INFO - list of kpi's where scheduled frequency is Hourly are : ['Site Hourly Power Generation']
[2024-12-04 06:21:06,892] {main.py:118} INFO - tags used for this dag are : ('339',)
[2024-12-04 06:21:06,893] {python.py:151} INFO - Done. Returned value was: None
[2024-12-04 06:21:06,921] {taskinstance.py:1204} INFO - Marking task as SUCCESS. dag_id=KPIs_for_Hourly, task_id=list_of_kpi, execution_date=20241203T120000, start_date=20241204T062106, end_date=20241204T062106
[2024-12-04 06:21:07,154] {taskinstance.py:1265} INFO - 1 downstream tasks scheduled from follow-on schedule check
[2024-12-04 06:21:07,169] {local_task_job.py:151} INFO - Task exited with return code 0
