[2024-12-03 10:17:48,702] {taskinstance.py:896} INFO - Dependencies all met for <TaskInstance: KPIs_for_Hourly.list_of_kpi 2024-12-03T10:17:43.117223+00:00 [queued]>
[2024-12-03 10:17:48,759] {taskinstance.py:896} INFO - Dependencies all met for <TaskInstance: KPIs_for_Hourly.list_of_kpi 2024-12-03T10:17:43.117223+00:00 [queued]>
[2024-12-03 10:17:48,761] {taskinstance.py:1087} INFO - 
--------------------------------------------------------------------------------
[2024-12-03 10:17:48,762] {taskinstance.py:1088} INFO - Starting attempt 1 of 3
[2024-12-03 10:17:48,763] {taskinstance.py:1089} INFO - 
--------------------------------------------------------------------------------
[2024-12-03 10:17:48,928] {taskinstance.py:1107} INFO - Executing <Task(PythonOperator): list_of_kpi> on 2024-12-03T10:17:43.117223+00:00
[2024-12-03 10:17:48,941] {standard_task_runner.py:52} INFO - Started process 364 to run task
[2024-12-03 10:17:48,949] {standard_task_runner.py:76} INFO - Running: ['airflow', 'tasks', 'run', 'KPIs_for_Hourly', 'list_of_kpi', '2024-12-03T10:17:43.117223+00:00', '--job-id', '443', '--pool', 'default_pool', '--raw', '--subdir', 'DAGS_FOLDER/Kpi_dags/main.py', '--cfg-path', '/tmp/tmpt_sp5mgi', '--error-file', '/tmp/tmpxhjgdri2']
[2024-12-03 10:17:48,952] {standard_task_runner.py:77} INFO - Job 443: Subtask list_of_kpi
[2024-12-03 10:17:49,233] {logging_mixin.py:104} INFO - Running <TaskInstance: KPIs_for_Hourly.list_of_kpi 2024-12-03T10:17:43.117223+00:00 [running]> on host 4dee9495e4cc
[2024-12-03 10:17:49,531] {taskinstance.py:1300} INFO - Exporting the following env vars:
AIRFLOW_CTX_DAG_OWNER=Rule Manager
AIRFLOW_CTX_DAG_ID=KPIs_for_Hourly
AIRFLOW_CTX_TASK_ID=list_of_kpi
AIRFLOW_CTX_EXECUTION_DATE=2024-12-03T10:17:43.117223+00:00
AIRFLOW_CTX_DAG_RUN_ID=manual__2024-12-03T10:17:43.117223+00:00
[2024-12-03 10:17:49,539] {main.py:54} INFO - 0    []
Name: kpi_ids, dtype: object
[2024-12-03 10:17:49,543] {main.py:55} INFO - list of kpi's where scheduled frequency is Hourly are : ['Site Hourly Power Generation']
[2024-12-03 10:17:49,544] {python.py:151} INFO - Done. Returned value was: None
[2024-12-03 10:17:49,578] {taskinstance.py:1204} INFO - Marking task as SUCCESS. dag_id=KPIs_for_Hourly, task_id=list_of_kpi, execution_date=20241203T101743, start_date=20241203T101748, end_date=20241203T101749
[2024-12-03 10:17:49,731] {taskinstance.py:1265} INFO - 0 downstream tasks scheduled from follow-on schedule check
[2024-12-03 10:17:49,747] {local_task_job.py:151} INFO - Task exited with return code 0
