[2024-11-22 05:38:08,601] {taskinstance.py:896} INFO - Dependencies all met for <TaskInstance: kpi_calculation_pipeline.calculate_kpi 2024-11-22T05:37:59.234570+00:00 [queued]>
[2024-11-22 05:38:08,651] {taskinstance.py:896} INFO - Dependencies all met for <TaskInstance: kpi_calculation_pipeline.calculate_kpi 2024-11-22T05:37:59.234570+00:00 [queued]>
[2024-11-22 05:38:08,652] {taskinstance.py:1087} INFO - 
--------------------------------------------------------------------------------
[2024-11-22 05:38:08,653] {taskinstance.py:1088} INFO - Starting attempt 1 of 2
[2024-11-22 05:38:08,654] {taskinstance.py:1089} INFO - 
--------------------------------------------------------------------------------
[2024-11-22 05:38:08,742] {taskinstance.py:1107} INFO - Executing <Task(PythonOperator): calculate_kpi> on 2024-11-22T05:37:59.234570+00:00
[2024-11-22 05:38:08,747] {standard_task_runner.py:52} INFO - Started process 1870 to run task
[2024-11-22 05:38:08,750] {standard_task_runner.py:76} INFO - Running: ['airflow', 'tasks', 'run', 'kpi_calculation_pipeline', 'calculate_kpi', '2024-11-22T05:37:59.234570+00:00', '--job-id', '279', '--pool', 'default_pool', '--raw', '--subdir', 'DAGS_FOLDER/data_injestion_dag/bazefield_kpi_calculation.py', '--cfg-path', '/tmp/tmplaw73y2f', '--error-file', '/tmp/tmp58fep1oi']
[2024-11-22 05:38:08,752] {standard_task_runner.py:77} INFO - Job 279: Subtask calculate_kpi
[2024-11-22 05:38:08,931] {logging_mixin.py:104} INFO - Running <TaskInstance: kpi_calculation_pipeline.calculate_kpi 2024-11-22T05:37:59.234570+00:00 [running]> on host 1b505405454d
[2024-11-22 05:38:09,203] {taskinstance.py:1300} INFO - Exporting the following env vars:
AIRFLOW_CTX_DAG_OWNER=airflow
AIRFLOW_CTX_DAG_ID=kpi_calculation_pipeline
AIRFLOW_CTX_TASK_ID=calculate_kpi
AIRFLOW_CTX_EXECUTION_DATE=2024-11-22T05:37:59.234570+00:00
AIRFLOW_CTX_DAG_RUN_ID=manual__2024-11-22T05:37:59.234570+00:00
[2024-11-22 05:38:09,249] {logging_mixin.py:104} INFO - maniyachi site generation for this hour : 58740.99220640664
[2024-11-22 05:38:09,323] {python.py:151} INFO - Done. Returned value was: None
[2024-11-22 05:38:09,362] {taskinstance.py:1204} INFO - Marking task as SUCCESS. dag_id=kpi_calculation_pipeline, task_id=calculate_kpi, execution_date=20241122T053759, start_date=20241122T053808, end_date=20241122T053809
[2024-11-22 05:38:09,621] {taskinstance.py:1265} INFO - 1 downstream tasks scheduled from follow-on schedule check
[2024-11-22 05:38:09,628] {local_task_job.py:151} INFO - Task exited with return code 0
