[2024-11-22 05:46:22,425] {taskinstance.py:896} INFO - Dependencies all met for <TaskInstance: kpi_calculation_pipeline.calculate_kpi 2024-11-22T05:46:06.563977+00:00 [queued]>
[2024-11-22 05:46:22,471] {taskinstance.py:896} INFO - Dependencies all met for <TaskInstance: kpi_calculation_pipeline.calculate_kpi 2024-11-22T05:46:06.563977+00:00 [queued]>
[2024-11-22 05:46:22,472] {taskinstance.py:1087} INFO - 
--------------------------------------------------------------------------------
[2024-11-22 05:46:22,473] {taskinstance.py:1088} INFO - Starting attempt 1 of 2
[2024-11-22 05:46:22,474] {taskinstance.py:1089} INFO - 
--------------------------------------------------------------------------------
[2024-11-22 05:46:22,554] {taskinstance.py:1107} INFO - Executing <Task(PythonOperator): calculate_kpi> on 2024-11-22T05:46:06.563977+00:00
[2024-11-22 05:46:22,558] {standard_task_runner.py:52} INFO - Started process 2290 to run task
[2024-11-22 05:46:22,562] {standard_task_runner.py:76} INFO - Running: ['airflow', 'tasks', 'run', 'kpi_calculation_pipeline', 'calculate_kpi', '2024-11-22T05:46:06.563977+00:00', '--job-id', '293', '--pool', 'default_pool', '--raw', '--subdir', 'DAGS_FOLDER/data_injestion_dag/bazefield_kpi_calculation.py', '--cfg-path', '/tmp/tmpzdqgld3p', '--error-file', '/tmp/tmpcy4up62g']
[2024-11-22 05:46:22,563] {standard_task_runner.py:77} INFO - Job 293: Subtask calculate_kpi
[2024-11-22 05:46:22,728] {logging_mixin.py:104} INFO - Running <TaskInstance: kpi_calculation_pipeline.calculate_kpi 2024-11-22T05:46:06.563977+00:00 [running]> on host 1b505405454d
[2024-11-22 05:46:23,106] {taskinstance.py:1300} INFO - Exporting the following env vars:
AIRFLOW_CTX_DAG_OWNER=airflow
AIRFLOW_CTX_DAG_ID=kpi_calculation_pipeline
AIRFLOW_CTX_TASK_ID=calculate_kpi
AIRFLOW_CTX_EXECUTION_DATE=2024-11-22T05:46:06.563977+00:00
AIRFLOW_CTX_DAG_RUN_ID=manual__2024-11-22T05:46:06.563977+00:00
[2024-11-22 05:46:23,189] {logging_mixin.py:104} INFO - maniyachi site generation for this hour : 58740.99220640664
[2024-11-22 05:46:23,270] {python.py:151} INFO - Done. Returned value was: None
[2024-11-22 05:46:23,303] {taskinstance.py:1204} INFO - Marking task as SUCCESS. dag_id=kpi_calculation_pipeline, task_id=calculate_kpi, execution_date=20241122T054606, start_date=20241122T054622, end_date=20241122T054623
[2024-11-22 05:46:23,527] {taskinstance.py:1265} INFO - 1 downstream tasks scheduled from follow-on schedule check
[2024-11-22 05:46:23,561] {local_task_job.py:151} INFO - Task exited with return code 0
