[2024-12-02 10:15:44,448] {taskinstance.py:896} INFO - Dependencies all met for <TaskInstance: kpi_configurator_daily.display_kpi_data 2024-12-01T00:00:00+00:00 [queued]>
[2024-12-02 10:15:44,492] {taskinstance.py:896} INFO - Dependencies all met for <TaskInstance: kpi_configurator_daily.display_kpi_data 2024-12-01T00:00:00+00:00 [queued]>
[2024-12-02 10:15:44,492] {taskinstance.py:1087} INFO - 
--------------------------------------------------------------------------------
[2024-12-02 10:15:44,493] {taskinstance.py:1088} INFO - Starting attempt 1 of 3
[2024-12-02 10:15:44,494] {taskinstance.py:1089} INFO - 
--------------------------------------------------------------------------------
[2024-12-02 10:15:44,573] {taskinstance.py:1107} INFO - Executing <Task(PythonOperator): display_kpi_data> on 2024-12-01T00:00:00+00:00
[2024-12-02 10:15:44,578] {standard_task_runner.py:52} INFO - Started process 6651 to run task
[2024-12-02 10:15:44,582] {standard_task_runner.py:76} INFO - Running: ['airflow', 'tasks', 'run', 'kpi_configurator_daily', 'display_kpi_data', '2024-12-01T00:00:00+00:00', '--job-id', '406', '--pool', 'default_pool', '--raw', '--subdir', 'DAGS_FOLDER/Kpi_dags/main.py', '--cfg-path', '/tmp/tmp53qhtt49', '--error-file', '/tmp/tmpvc0dbcbc']
[2024-12-02 10:15:44,584] {standard_task_runner.py:77} INFO - Job 406: Subtask display_kpi_data
[2024-12-02 10:15:44,710] {logging_mixin.py:104} INFO - Running <TaskInstance: kpi_configurator_daily.display_kpi_data 2024-12-01T00:00:00+00:00 [running]> on host 59507e5d9338
[2024-12-02 10:15:44,895] {taskinstance.py:1300} INFO - Exporting the following env vars:
AIRFLOW_CTX_DAG_OWNER=Rule Manager
AIRFLOW_CTX_DAG_ID=kpi_configurator_daily
AIRFLOW_CTX_TASK_ID=display_kpi_data
AIRFLOW_CTX_EXECUTION_DATE=2024-12-01T00:00:00+00:00
AIRFLOW_CTX_DAG_RUN_ID=scheduled__2024-12-01T00:00:00+00:00
[2024-12-02 10:15:44,897] {logging_mixin.py:104} INFO - kpi_table_connection
[2024-12-02 10:15:44,920] {main.py:46} INFO - Scheduling Frequencies: None
[2024-12-02 10:15:44,935] {python.py:151} INFO - Done. Returned value was: None
[2024-12-02 10:15:45,000] {taskinstance.py:1204} INFO - Marking task as SUCCESS. dag_id=kpi_configurator_daily, task_id=display_kpi_data, execution_date=20241201T000000, start_date=20241202T101544, end_date=20241202T101545
[2024-12-02 10:15:45,097] {taskinstance.py:1265} INFO - 0 downstream tasks scheduled from follow-on schedule check
[2024-12-02 10:15:45,131] {local_task_job.py:151} INFO - Task exited with return code 0
