[2024-11-22 07:49:19,066] {taskinstance.py:896} INFO - Dependencies all met for <TaskInstance: kpi_calculation_pipeline.store_kpi 2024-11-22T07:49:06.975607+00:00 [queued]>
[2024-11-22 07:49:19,102] {taskinstance.py:896} INFO - Dependencies all met for <TaskInstance: kpi_calculation_pipeline.store_kpi 2024-11-22T07:49:06.975607+00:00 [queued]>
[2024-11-22 07:49:19,103] {taskinstance.py:1087} INFO - 
--------------------------------------------------------------------------------
[2024-11-22 07:49:19,103] {taskinstance.py:1088} INFO - Starting attempt 1 of 2
[2024-11-22 07:49:19,104] {taskinstance.py:1089} INFO - 
--------------------------------------------------------------------------------
[2024-11-22 07:49:19,186] {taskinstance.py:1107} INFO - Executing <Task(PythonOperator): store_kpi> on 2024-11-22T07:49:06.975607+00:00
[2024-11-22 07:49:19,190] {standard_task_runner.py:52} INFO - Started process 6586 to run task
[2024-11-22 07:49:19,194] {standard_task_runner.py:76} INFO - Running: ['airflow', 'tasks', 'run', 'kpi_calculation_pipeline', 'store_kpi', '2024-11-22T07:49:06.975607+00:00', '--job-id', '341', '--pool', 'default_pool', '--raw', '--subdir', 'DAGS_FOLDER/data_injestion_dag/bazefield_kpi_calculation.py', '--cfg-path', '/tmp/tmplir553qu', '--error-file', '/tmp/tmpwbf5bysr']
[2024-11-22 07:49:19,196] {standard_task_runner.py:77} INFO - Job 341: Subtask store_kpi
[2024-11-22 07:49:19,336] {logging_mixin.py:104} INFO - Running <TaskInstance: kpi_calculation_pipeline.store_kpi 2024-11-22T07:49:06.975607+00:00 [running]> on host 1b505405454d
[2024-11-22 07:49:19,527] {taskinstance.py:1300} INFO - Exporting the following env vars:
AIRFLOW_CTX_DAG_OWNER=airflow
AIRFLOW_CTX_DAG_ID=kpi_calculation_pipeline
AIRFLOW_CTX_TASK_ID=store_kpi
AIRFLOW_CTX_EXECUTION_DATE=2024-11-22T07:49:06.975607+00:00
AIRFLOW_CTX_DAG_RUN_ID=manual__2024-11-22T07:49:06.975607+00:00
[2024-11-22 07:49:19,570] {base.py:69} INFO - Using connection to: id: postgres_default. Host: 10.197.48.9, Port: 5432, Schema: kpi_data, Login: rakshit, Password: ***, extra: {}
[2024-11-22 07:49:19,768] {logging_mixin.py:104} INFO - successfully connected
[2024-11-22 07:49:19,866] {python.py:151} INFO - Done. Returned value was: None
[2024-11-22 07:49:19,889] {taskinstance.py:1204} INFO - Marking task as SUCCESS. dag_id=kpi_calculation_pipeline, task_id=store_kpi, execution_date=20241122T074906, start_date=20241122T074919, end_date=20241122T074919
[2024-11-22 07:49:19,997] {taskinstance.py:1265} INFO - 0 downstream tasks scheduled from follow-on schedule check
[2024-11-22 07:49:20,031] {local_task_job.py:151} INFO - Task exited with return code 0
