[2024-11-22 10:05:11,817] {taskinstance.py:896} INFO - Dependencies all met for <TaskInstance: kpi_calculation_pipeline.calculate_kpi 2024-11-22T09:05:00+00:00 [queued]>
[2024-11-22 10:05:11,874] {taskinstance.py:896} INFO - Dependencies all met for <TaskInstance: kpi_calculation_pipeline.calculate_kpi 2024-11-22T09:05:00+00:00 [queued]>
[2024-11-22 10:05:11,874] {taskinstance.py:1087} INFO - 
--------------------------------------------------------------------------------
[2024-11-22 10:05:11,875] {taskinstance.py:1088} INFO - Starting attempt 1 of 2
[2024-11-22 10:05:11,876] {taskinstance.py:1089} INFO - 
--------------------------------------------------------------------------------
[2024-11-22 10:05:11,967] {taskinstance.py:1107} INFO - Executing <Task(PythonOperator): calculate_kpi> on 2024-11-22T09:05:00+00:00
[2024-11-22 10:05:11,974] {standard_task_runner.py:52} INFO - Started process 10876 to run task
[2024-11-22 10:05:11,979] {standard_task_runner.py:76} INFO - Running: ['airflow', 'tasks', 'run', 'kpi_calculation_pipeline', 'calculate_kpi', '2024-11-22T09:05:00+00:00', '--job-id', '350', '--pool', 'default_pool', '--raw', '--subdir', 'DAGS_FOLDER/data_injestion_dag/bazefield_kpi_calculation.py', '--cfg-path', '/tmp/tmpgxpcmi2t', '--error-file', '/tmp/tmpop_yx052']
[2024-11-22 10:05:11,980] {standard_task_runner.py:77} INFO - Job 350: Subtask calculate_kpi
[2024-11-22 10:05:12,131] {logging_mixin.py:104} INFO - Running <TaskInstance: kpi_calculation_pipeline.calculate_kpi 2024-11-22T09:05:00+00:00 [running]> on host 1b505405454d
[2024-11-22 10:05:12,424] {taskinstance.py:1300} INFO - Exporting the following env vars:
AIRFLOW_CTX_DAG_OWNER=airflow
AIRFLOW_CTX_DAG_ID=kpi_calculation_pipeline
AIRFLOW_CTX_TASK_ID=calculate_kpi
AIRFLOW_CTX_EXECUTION_DATE=2024-11-22T09:05:00+00:00
AIRFLOW_CTX_DAG_RUN_ID=scheduled__2024-11-22T09:05:00+00:00
[2024-11-22 10:05:12,497] {logging_mixin.py:104} INFO - maniyachi site generation for this hour : 5324.8546048819
[2024-11-22 10:05:12,574] {python.py:151} INFO - Done. Returned value was: None
[2024-11-22 10:05:12,606] {taskinstance.py:1204} INFO - Marking task as SUCCESS. dag_id=kpi_calculation_pipeline, task_id=calculate_kpi, execution_date=20241122T090500, start_date=20241122T100511, end_date=20241122T100512
[2024-11-22 10:05:12,802] {taskinstance.py:1265} INFO - 1 downstream tasks scheduled from follow-on schedule check
[2024-11-22 10:05:12,813] {local_task_job.py:151} INFO - Task exited with return code 0
