[2024-11-22 12:05:23,103] {taskinstance.py:896} INFO - Dependencies all met for <TaskInstance: kpi_calculation_pipeline.calculate_kpi 2024-11-22T11:05:00+00:00 [queued]>
[2024-11-22 12:05:23,169] {taskinstance.py:896} INFO - Dependencies all met for <TaskInstance: kpi_calculation_pipeline.calculate_kpi 2024-11-22T11:05:00+00:00 [queued]>
[2024-11-22 12:05:23,170] {taskinstance.py:1087} INFO - 
--------------------------------------------------------------------------------
[2024-11-22 12:05:23,171] {taskinstance.py:1088} INFO - Starting attempt 1 of 2
[2024-11-22 12:05:23,172] {taskinstance.py:1089} INFO - 
--------------------------------------------------------------------------------
[2024-11-22 12:05:23,256] {taskinstance.py:1107} INFO - Executing <Task(PythonOperator): calculate_kpi> on 2024-11-22T11:05:00+00:00
[2024-11-22 12:05:23,262] {standard_task_runner.py:52} INFO - Started process 14376 to run task
[2024-11-22 12:05:23,267] {standard_task_runner.py:76} INFO - Running: ['airflow', 'tasks', 'run', 'kpi_calculation_pipeline', 'calculate_kpi', '2024-11-22T11:05:00+00:00', '--job-id', '356', '--pool', 'default_pool', '--raw', '--subdir', 'DAGS_FOLDER/data_injestion_dag/bazefield_kpi_calculation.py', '--cfg-path', '/tmp/tmpxbsljrfs', '--error-file', '/tmp/tmpwtb43l0s']
[2024-11-22 12:05:23,269] {standard_task_runner.py:77} INFO - Job 356: Subtask calculate_kpi
[2024-11-22 12:05:23,448] {logging_mixin.py:104} INFO - Running <TaskInstance: kpi_calculation_pipeline.calculate_kpi 2024-11-22T11:05:00+00:00 [running]> on host 1b505405454d
[2024-11-22 12:05:23,766] {taskinstance.py:1300} INFO - Exporting the following env vars:
AIRFLOW_CTX_DAG_OWNER=airflow
AIRFLOW_CTX_DAG_ID=kpi_calculation_pipeline
AIRFLOW_CTX_TASK_ID=calculate_kpi
AIRFLOW_CTX_EXECUTION_DATE=2024-11-22T11:05:00+00:00
AIRFLOW_CTX_DAG_RUN_ID=scheduled__2024-11-22T11:05:00+00:00
[2024-11-22 12:05:23,825] {logging_mixin.py:104} INFO - maniyachi site generation for this hour : 10859.01213640165
[2024-11-22 12:05:23,900] {python.py:151} INFO - Done. Returned value was: None
[2024-11-22 12:05:23,932] {taskinstance.py:1204} INFO - Marking task as SUCCESS. dag_id=kpi_calculation_pipeline, task_id=calculate_kpi, execution_date=20241122T110500, start_date=20241122T120523, end_date=20241122T120523
[2024-11-22 12:05:24,122] {taskinstance.py:1265} INFO - 1 downstream tasks scheduled from follow-on schedule check
[2024-11-22 12:05:24,145] {local_task_job.py:151} INFO - Task exited with return code 0
