[2024-11-20 06:24:12,857] {taskinstance.py:896} INFO - Dependencies all met for <TaskInstance: booking_ingestion.load_data 2024-11-20T06:21:45.638206+00:00 [queued]>
[2024-11-20 06:24:12,899] {taskinstance.py:896} INFO - Dependencies all met for <TaskInstance: booking_ingestion.load_data 2024-11-20T06:21:45.638206+00:00 [queued]>
[2024-11-20 06:24:12,900] {taskinstance.py:1087} INFO - 
--------------------------------------------------------------------------------
[2024-11-20 06:24:12,901] {taskinstance.py:1088} INFO - Starting attempt 1 of 1
[2024-11-20 06:24:12,901] {taskinstance.py:1089} INFO - 
--------------------------------------------------------------------------------
[2024-11-20 06:24:12,989] {taskinstance.py:1107} INFO - Executing <Task(PythonOperator): load_data> on 2024-11-20T06:21:45.638206+00:00
[2024-11-20 06:24:12,994] {standard_task_runner.py:52} INFO - Started process 277 to run task
[2024-11-20 06:24:12,999] {standard_task_runner.py:76} INFO - Running: ['airflow', 'tasks', 'run', 'booking_ingestion', 'load_data', '2024-11-20T06:21:45.638206+00:00', '--job-id', '7', '--pool', 'default_pool', '--raw', '--subdir', 'DAGS_FOLDER/data_injestion_dag/main.py', '--cfg-path', '/tmp/tmp8zh7o50f', '--error-file', '/tmp/tmp3npfmw4f']
[2024-11-20 06:24:13,001] {standard_task_runner.py:77} INFO - Job 7: Subtask load_data
[2024-11-20 06:24:13,136] {logging_mixin.py:104} INFO - Running <TaskInstance: booking_ingestion.load_data 2024-11-20T06:21:45.638206+00:00 [running]> on host c4170a1befa7
[2024-11-20 06:24:13,340] {taskinstance.py:1300} INFO - Exporting the following env vars:
AIRFLOW_CTX_DAG_OWNER=chakradhar
AIRFLOW_CTX_DAG_ID=booking_ingestion
AIRFLOW_CTX_TASK_ID=load_data
AIRFLOW_CTX_EXECUTION_DATE=2024-11-20T06:21:45.638206+00:00
AIRFLOW_CTX_DAG_RUN_ID=manual__2024-11-20T06:21:45.638206+00:00
[2024-11-20 06:24:13,524] {python.py:151} INFO - Done. Returned value was: None
[2024-11-20 06:24:13,552] {taskinstance.py:1204} INFO - Marking task as SUCCESS. dag_id=booking_ingestion, task_id=load_data, execution_date=20241120T062145, start_date=20241120T062412, end_date=20241120T062413
[2024-11-20 06:24:13,698] {taskinstance.py:1265} INFO - 0 downstream tasks scheduled from follow-on schedule check
[2024-11-20 06:24:13,710] {local_task_job.py:151} INFO - Task exited with return code 0
