[2024-11-29 11:16:28,205] {taskinstance.py:896} INFO - Dependencies all met for <TaskInstance: kpi_calculation_pipeline.calculate_kpi 2024-11-22T14:05:00+00:00 [queued]>
[2024-11-29 11:16:28,346] {taskinstance.py:896} INFO - Dependencies all met for <TaskInstance: kpi_calculation_pipeline.calculate_kpi 2024-11-22T14:05:00+00:00 [queued]>
[2024-11-29 11:16:28,347] {taskinstance.py:1087} INFO - 
--------------------------------------------------------------------------------
[2024-11-29 11:16:28,348] {taskinstance.py:1088} INFO - Starting attempt 1 of 2
[2024-11-29 11:16:28,349] {taskinstance.py:1089} INFO - 
--------------------------------------------------------------------------------
[2024-11-29 11:16:28,484] {taskinstance.py:1107} INFO - Executing <Task(PythonOperator): calculate_kpi> on 2024-11-22T14:05:00+00:00
[2024-11-29 11:16:28,491] {standard_task_runner.py:52} INFO - Started process 86 to run task
[2024-11-29 11:16:28,498] {standard_task_runner.py:76} INFO - Running: ['airflow', 'tasks', 'run', 'kpi_calculation_pipeline', 'calculate_kpi', '2024-11-22T14:05:00+00:00', '--job-id', '366', '--pool', 'default_pool', '--raw', '--subdir', 'DAGS_FOLDER/data_injestion_dag/bazefield_kpi_calculation.py', '--cfg-path', '/tmp/tmpduxos6rw', '--error-file', '/tmp/tmpdi4xprxv']
[2024-11-29 11:16:28,500] {standard_task_runner.py:77} INFO - Job 366: Subtask calculate_kpi
[2024-11-29 11:16:28,771] {logging_mixin.py:104} INFO - Running <TaskInstance: kpi_calculation_pipeline.calculate_kpi 2024-11-22T14:05:00+00:00 [running]> on host 3f28a2ef9091
[2024-11-29 11:16:29,384] {taskinstance.py:1300} INFO - Exporting the following env vars:
AIRFLOW_CTX_DAG_OWNER=airflow
AIRFLOW_CTX_DAG_ID=kpi_calculation_pipeline
AIRFLOW_CTX_TASK_ID=calculate_kpi
AIRFLOW_CTX_EXECUTION_DATE=2024-11-22T14:05:00+00:00
AIRFLOW_CTX_DAG_RUN_ID=scheduled__2024-11-22T14:05:00+00:00
[2024-11-29 11:16:29,526] {logging_mixin.py:104} INFO - maniyachi site generation for this hour : 2986.8371260523
[2024-11-29 11:16:29,887] {python.py:151} INFO - Done. Returned value was: None
[2024-11-29 11:16:29,946] {taskinstance.py:1204} INFO - Marking task as SUCCESS. dag_id=kpi_calculation_pipeline, task_id=calculate_kpi, execution_date=20241122T140500, start_date=20241129T111628, end_date=20241129T111629
[2024-11-29 11:16:30,424] {taskinstance.py:1265} INFO - 1 downstream tasks scheduled from follow-on schedule check
[2024-11-29 11:16:30,437] {local_task_job.py:151} INFO - Task exited with return code 0
