[2024-11-22 06:12:53,945] {taskinstance.py:896} INFO - Dependencies all met for <TaskInstance: kpi_calculation_pipeline.calculate_kpi 2024-11-22T06:07:44.998804+00:00 [queued]>
[2024-11-22 06:12:54,004] {taskinstance.py:896} INFO - Dependencies all met for <TaskInstance: kpi_calculation_pipeline.calculate_kpi 2024-11-22T06:07:44.998804+00:00 [queued]>
[2024-11-22 06:12:54,005] {taskinstance.py:1087} INFO - 
--------------------------------------------------------------------------------
[2024-11-22 06:12:54,006] {taskinstance.py:1088} INFO - Starting attempt 1 of 2
[2024-11-22 06:12:54,007] {taskinstance.py:1089} INFO - 
--------------------------------------------------------------------------------
[2024-11-22 06:12:54,115] {taskinstance.py:1107} INFO - Executing <Task(PythonOperator): calculate_kpi> on 2024-11-22T06:07:44.998804+00:00
[2024-11-22 06:12:54,119] {standard_task_runner.py:52} INFO - Started process 3438 to run task
[2024-11-22 06:12:54,123] {standard_task_runner.py:76} INFO - Running: ['airflow', 'tasks', 'run', 'kpi_calculation_pipeline', 'calculate_kpi', '2024-11-22T06:07:44.998804+00:00', '--job-id', '327', '--pool', 'default_pool', '--raw', '--subdir', 'DAGS_FOLDER/data_injestion_dag/bazefield_kpi_calculation.py', '--cfg-path', '/tmp/tmp2expxt7v', '--error-file', '/tmp/tmp9upsb2of']
[2024-11-22 06:12:54,125] {standard_task_runner.py:77} INFO - Job 327: Subtask calculate_kpi
[2024-11-22 06:12:54,301] {logging_mixin.py:104} INFO - Running <TaskInstance: kpi_calculation_pipeline.calculate_kpi 2024-11-22T06:07:44.998804+00:00 [running]> on host 1b505405454d
[2024-11-22 06:12:54,624] {taskinstance.py:1300} INFO - Exporting the following env vars:
AIRFLOW_CTX_DAG_OWNER=airflow
AIRFLOW_CTX_DAG_ID=kpi_calculation_pipeline
AIRFLOW_CTX_TASK_ID=calculate_kpi
AIRFLOW_CTX_EXECUTION_DATE=2024-11-22T06:07:44.998804+00:00
AIRFLOW_CTX_DAG_RUN_ID=scheduled__2024-11-22T06:07:44.998804+00:00
[2024-11-22 06:12:54,686] {logging_mixin.py:104} INFO - maniyachi site generation for this hour : 27864.089545544437
[2024-11-22 06:12:54,783] {python.py:151} INFO - Done. Returned value was: None
[2024-11-22 06:12:54,816] {taskinstance.py:1204} INFO - Marking task as SUCCESS. dag_id=kpi_calculation_pipeline, task_id=calculate_kpi, execution_date=20241122T060744, start_date=20241122T061253, end_date=20241122T061254
[2024-11-22 06:12:55,043] {taskinstance.py:1265} INFO - 1 downstream tasks scheduled from follow-on schedule check
[2024-11-22 06:12:55,082] {local_task_job.py:151} INFO - Task exited with return code 0
