[2024-12-02 10:54:04,152] {taskinstance.py:896} INFO - Dependencies all met for <TaskInstance: kpi_configurator_1_Minutes.display_kpi_data 2024-12-02T10:53:00+00:00 [queued]>
[2024-12-02 10:54:04,205] {taskinstance.py:896} INFO - Dependencies all met for <TaskInstance: kpi_configurator_1_Minutes.display_kpi_data 2024-12-02T10:53:00+00:00 [queued]>
[2024-12-02 10:54:04,207] {taskinstance.py:1087} INFO - 
--------------------------------------------------------------------------------
[2024-12-02 10:54:04,209] {taskinstance.py:1088} INFO - Starting attempt 1 of 3
[2024-12-02 10:54:04,211] {taskinstance.py:1089} INFO - 
--------------------------------------------------------------------------------
[2024-12-02 10:54:04,292] {taskinstance.py:1107} INFO - Executing <Task(PythonOperator): display_kpi_data> on 2024-12-02T10:53:00+00:00
[2024-12-02 10:54:04,297] {standard_task_runner.py:52} INFO - Started process 7848 to run task
[2024-12-02 10:54:04,302] {standard_task_runner.py:76} INFO - Running: ['airflow', 'tasks', 'run', 'kpi_configurator_1_Minutes', 'display_kpi_data', '2024-12-02T10:53:00+00:00', '--job-id', '409', '--pool', 'default_pool', '--raw', '--subdir', 'DAGS_FOLDER/Kpi_dags/main.py', '--cfg-path', '/tmp/tmp7bdg7q2_', '--error-file', '/tmp/tmp0ufxd9rj']
[2024-12-02 10:54:04,304] {standard_task_runner.py:77} INFO - Job 409: Subtask display_kpi_data
[2024-12-02 10:54:04,448] {logging_mixin.py:104} INFO - Running <TaskInstance: kpi_configurator_1_Minutes.display_kpi_data 2024-12-02T10:53:00+00:00 [running]> on host 59507e5d9338
[2024-12-02 10:54:04,650] {taskinstance.py:1300} INFO - Exporting the following env vars:
AIRFLOW_CTX_DAG_OWNER=Rule Manager
AIRFLOW_CTX_DAG_ID=kpi_configurator_1_Minutes
AIRFLOW_CTX_TASK_ID=display_kpi_data
AIRFLOW_CTX_EXECUTION_DATE=2024-12-02T10:53:00+00:00
AIRFLOW_CTX_DAG_RUN_ID=scheduled__2024-12-02T10:53:00+00:00
[2024-12-02 10:54:04,652] {logging_mixin.py:104} INFO - Hello World
[2024-12-02 10:54:04,653] {python.py:151} INFO - Done. Returned value was: None
[2024-12-02 10:54:04,675] {taskinstance.py:1204} INFO - Marking task as SUCCESS. dag_id=kpi_configurator_1_Minutes, task_id=display_kpi_data, execution_date=20241202T105300, start_date=20241202T105404, end_date=20241202T105404
[2024-12-02 10:54:04,784] {taskinstance.py:1265} INFO - 0 downstream tasks scheduled from follow-on schedule check
[2024-12-02 10:54:04,809] {local_task_job.py:151} INFO - Task exited with return code 0
