[2024-11-22 06:15:50,714] {taskinstance.py:896} INFO - Dependencies all met for <TaskInstance: kpi_calculation_pipeline.calculate_kpi 2024-11-22T06:15:41.138466+00:00 [queued]>
[2024-11-22 06:15:50,771] {taskinstance.py:896} INFO - Dependencies all met for <TaskInstance: kpi_calculation_pipeline.calculate_kpi 2024-11-22T06:15:41.138466+00:00 [queued]>
[2024-11-22 06:15:50,772] {taskinstance.py:1087} INFO - 
--------------------------------------------------------------------------------
[2024-11-22 06:15:50,773] {taskinstance.py:1088} INFO - Starting attempt 1 of 2
[2024-11-22 06:15:50,774] {taskinstance.py:1089} INFO - 
--------------------------------------------------------------------------------
[2024-11-22 06:15:50,879] {taskinstance.py:1107} INFO - Executing <Task(PythonOperator): calculate_kpi> on 2024-11-22T06:15:41.138466+00:00
[2024-11-22 06:15:50,884] {standard_task_runner.py:52} INFO - Started process 3574 to run task
[2024-11-22 06:15:50,888] {standard_task_runner.py:76} INFO - Running: ['airflow', 'tasks', 'run', 'kpi_calculation_pipeline', 'calculate_kpi', '2024-11-22T06:15:41.138466+00:00', '--job-id', '331', '--pool', 'default_pool', '--raw', '--subdir', 'DAGS_FOLDER/data_injestion_dag/bazefield_kpi_calculation.py', '--cfg-path', '/tmp/tmpb5rph_ry', '--error-file', '/tmp/tmp3immreca']
[2024-11-22 06:15:50,889] {standard_task_runner.py:77} INFO - Job 331: Subtask calculate_kpi
[2024-11-22 06:15:51,058] {logging_mixin.py:104} INFO - Running <TaskInstance: kpi_calculation_pipeline.calculate_kpi 2024-11-22T06:15:41.138466+00:00 [running]> on host 1b505405454d
[2024-11-22 06:15:51,432] {taskinstance.py:1300} INFO - Exporting the following env vars:
AIRFLOW_CTX_DAG_OWNER=airflow
AIRFLOW_CTX_DAG_ID=kpi_calculation_pipeline
AIRFLOW_CTX_TASK_ID=calculate_kpi
AIRFLOW_CTX_EXECUTION_DATE=2024-11-22T06:15:41.138466+00:00
AIRFLOW_CTX_DAG_RUN_ID=manual__2024-11-22T06:15:41.138466+00:00
[2024-11-22 06:15:51,497] {logging_mixin.py:104} INFO - maniyachi site generation for this hour : 27864.089545544437
[2024-11-22 06:15:51,673] {python.py:151} INFO - Done. Returned value was: None
[2024-11-22 06:15:51,717] {taskinstance.py:1204} INFO - Marking task as SUCCESS. dag_id=kpi_calculation_pipeline, task_id=calculate_kpi, execution_date=20241122T061541, start_date=20241122T061550, end_date=20241122T061551
[2024-11-22 06:15:51,946] {taskinstance.py:1265} INFO - 1 downstream tasks scheduled from follow-on schedule check
[2024-11-22 06:15:51,970] {local_task_job.py:151} INFO - Task exited with return code 0
