[2024-12-04 06:06:46,059] {taskinstance.py:896} INFO - Dependencies all met for <TaskInstance: KPIs_for_5_Minutes.fetch_master_Data 2024-12-04T06:06:36.902831+00:00 [queued]>
[2024-12-04 06:06:46,131] {taskinstance.py:896} INFO - Dependencies all met for <TaskInstance: KPIs_for_5_Minutes.fetch_master_Data 2024-12-04T06:06:36.902831+00:00 [queued]>
[2024-12-04 06:06:46,132] {taskinstance.py:1087} INFO - 
--------------------------------------------------------------------------------
[2024-12-04 06:06:46,133] {taskinstance.py:1088} INFO - Starting attempt 1 of 3
[2024-12-04 06:06:46,134] {taskinstance.py:1089} INFO - 
--------------------------------------------------------------------------------
[2024-12-04 06:06:46,239] {taskinstance.py:1107} INFO - Executing <Task(PythonOperator): fetch_master_Data> on 2024-12-04T06:06:36.902831+00:00
[2024-12-04 06:06:46,244] {standard_task_runner.py:52} INFO - Started process 1688 to run task
[2024-12-04 06:06:46,247] {standard_task_runner.py:76} INFO - Running: ['airflow', 'tasks', 'run', 'KPIs_for_5_Minutes', 'fetch_master_Data', '2024-12-04T06:06:36.902831+00:00', '--job-id', '481', '--pool', 'default_pool', '--raw', '--subdir', 'DAGS_FOLDER/Kpi_dags/main.py', '--cfg-path', '/tmp/tmp8y06cgvh', '--error-file', '/tmp/tmpgfj0sa5s']
[2024-12-04 06:06:46,248] {standard_task_runner.py:77} INFO - Job 481: Subtask fetch_master_Data
[2024-12-04 06:06:46,444] {logging_mixin.py:104} INFO - Running <TaskInstance: KPIs_for_5_Minutes.fetch_master_Data 2024-12-04T06:06:36.902831+00:00 [running]> on host ca28183b9a80
[2024-12-04 06:06:46,744] {taskinstance.py:1300} INFO - Exporting the following env vars:
AIRFLOW_CTX_DAG_OWNER=Rule Manager
AIRFLOW_CTX_DAG_ID=KPIs_for_5_Minutes
AIRFLOW_CTX_TASK_ID=fetch_master_Data
AIRFLOW_CTX_EXECUTION_DATE=2024-12-04T06:06:36.902831+00:00
AIRFLOW_CTX_DAG_RUN_ID=manual__2024-12-04T06:06:36.902831+00:00
[2024-12-04 06:06:46,745] {main.py:101} INFO - Fetching data from master db and storing excel between 2024-12-04 11:30:00+05:30 and 2024-12-04 11:35:00+05:30
[2024-12-04 06:06:46,746] {main.py:26} INFO - Connecting to database...
[2024-12-04 06:06:46,782] {base.py:69} INFO - Using connection to: id: master_table_conn. Host: 10.10.18.92, Port: 5432, Schema: landing_zone, Login: Chakradhar, Password: ***, extra: {}
[2024-12-04 06:06:47,077] {main.py:29} INFO - Connected successfully...
[2024-12-04 06:06:47,186] {main.py:109} INFO - data fetched successfully from master db and size is (0, 8)
[2024-12-04 06:06:47,187] {main.py:110} INFO - Empty DataFrame
Columns: [ts, tag_obj_id, asset_id, value, created_by, updated_by, create_time, updated_time]
Index: []
[2024-12-04 06:06:47,197] {main.py:112} INFO - data stored successfully
[2024-12-04 06:06:47,198] {python.py:151} INFO - Done. Returned value was: None
[2024-12-04 06:06:47,244] {taskinstance.py:1204} INFO - Marking task as SUCCESS. dag_id=KPIs_for_5_Minutes, task_id=fetch_master_Data, execution_date=20241204T060636, start_date=20241204T060646, end_date=20241204T060647
[2024-12-04 06:06:47,474] {taskinstance.py:1265} INFO - 0 downstream tasks scheduled from follow-on schedule check
[2024-12-04 06:06:47,492] {local_task_job.py:151} INFO - Task exited with return code 0
