[2024-11-20 06:41:36,963] {taskinstance.py:896} INFO - Dependencies all met for <TaskInstance: booking_ingestion.load_data 2024-11-20T06:41:29.692186+00:00 [queued]>
[2024-11-20 06:41:37,008] {taskinstance.py:896} INFO - Dependencies all met for <TaskInstance: booking_ingestion.load_data 2024-11-20T06:41:29.692186+00:00 [queued]>
[2024-11-20 06:41:37,009] {taskinstance.py:1087} INFO - 
--------------------------------------------------------------------------------
[2024-11-20 06:41:37,010] {taskinstance.py:1088} INFO - Starting attempt 1 of 1
[2024-11-20 06:41:37,010] {taskinstance.py:1089} INFO - 
--------------------------------------------------------------------------------
[2024-11-20 06:41:37,082] {taskinstance.py:1107} INFO - Executing <Task(PythonOperator): load_data> on 2024-11-20T06:41:29.692186+00:00
[2024-11-20 06:41:37,088] {standard_task_runner.py:52} INFO - Started process 529 to run task
[2024-11-20 06:41:37,093] {standard_task_runner.py:76} INFO - Running: ['airflow', 'tasks', 'run', 'booking_ingestion', 'load_data', '2024-11-20T06:41:29.692186+00:00', '--job-id', '9', '--pool', 'default_pool', '--raw', '--subdir', 'DAGS_FOLDER/data_injestion_dag/main.py', '--cfg-path', '/tmp/tmpy4aw7xyz', '--error-file', '/tmp/tmpjb9equ2s']
[2024-11-20 06:41:37,095] {standard_task_runner.py:77} INFO - Job 9: Subtask load_data
[2024-11-20 06:41:37,211] {logging_mixin.py:104} INFO - Running <TaskInstance: booking_ingestion.load_data 2024-11-20T06:41:29.692186+00:00 [running]> on host c4170a1befa7
[2024-11-20 06:41:37,415] {taskinstance.py:1300} INFO - Exporting the following env vars:
AIRFLOW_CTX_DAG_OWNER=chakradhar
AIRFLOW_CTX_DAG_ID=booking_ingestion
AIRFLOW_CTX_TASK_ID=load_data
AIRFLOW_CTX_EXECUTION_DATE=2024-11-20T06:41:29.692186+00:00
AIRFLOW_CTX_DAG_RUN_ID=manual__2024-11-20T06:41:29.692186+00:00
[2024-11-20 06:41:37,553] {python.py:151} INFO - Done. Returned value was: None
[2024-11-20 06:41:37,581] {taskinstance.py:1204} INFO - Marking task as SUCCESS. dag_id=booking_ingestion, task_id=load_data, execution_date=20241120T064129, start_date=20241120T064136, end_date=20241120T064137
[2024-11-20 06:41:37,708] {taskinstance.py:1265} INFO - 0 downstream tasks scheduled from follow-on schedule check
[2024-11-20 06:41:37,722] {local_task_job.py:151} INFO - Task exited with return code 0
