[2024-12-04 06:05:09,390] {taskinstance.py:896} INFO - Dependencies all met for <TaskInstance: KPIs_for_5_Minutes.fetch_master_Data 2024-12-04T06:00:00+00:00 [queued]>
[2024-12-04 06:05:09,430] {taskinstance.py:896} INFO - Dependencies all met for <TaskInstance: KPIs_for_5_Minutes.fetch_master_Data 2024-12-04T06:00:00+00:00 [queued]>
[2024-12-04 06:05:09,433] {taskinstance.py:1087} INFO - 
--------------------------------------------------------------------------------
[2024-12-04 06:05:09,434] {taskinstance.py:1088} INFO - Starting attempt 1 of 3
[2024-12-04 06:05:09,436] {taskinstance.py:1089} INFO - 
--------------------------------------------------------------------------------
[2024-12-04 06:05:09,537] {taskinstance.py:1107} INFO - Executing <Task(PythonOperator): fetch_master_Data> on 2024-12-04T06:00:00+00:00
[2024-12-04 06:05:09,543] {standard_task_runner.py:52} INFO - Started process 1604 to run task
[2024-12-04 06:05:09,548] {standard_task_runner.py:76} INFO - Running: ['airflow', 'tasks', 'run', 'KPIs_for_5_Minutes', 'fetch_master_Data', '2024-12-04T06:00:00+00:00', '--job-id', '479', '--pool', 'default_pool', '--raw', '--subdir', 'DAGS_FOLDER/Kpi_dags/main.py', '--cfg-path', '/tmp/tmpakib0mac', '--error-file', '/tmp/tmpsucw5q9v']
[2024-12-04 06:05:09,550] {standard_task_runner.py:77} INFO - Job 479: Subtask fetch_master_Data
[2024-12-04 06:05:09,694] {logging_mixin.py:104} INFO - Running <TaskInstance: KPIs_for_5_Minutes.fetch_master_Data 2024-12-04T06:00:00+00:00 [running]> on host ca28183b9a80
[2024-12-04 06:05:09,943] {taskinstance.py:1300} INFO - Exporting the following env vars:
AIRFLOW_CTX_DAG_OWNER=Rule Manager
AIRFLOW_CTX_DAG_ID=KPIs_for_5_Minutes
AIRFLOW_CTX_TASK_ID=fetch_master_Data
AIRFLOW_CTX_EXECUTION_DATE=2024-12-04T06:00:00+00:00
AIRFLOW_CTX_DAG_RUN_ID=scheduled__2024-12-04T06:00:00+00:00
[2024-12-04 06:05:09,945] {main.py:100} INFO - Fetching data from master db and storing excel between 2024-12-04 06:00:00 and 2024-12-04 06:05:00
[2024-12-04 06:05:09,947] {main.py:25} INFO - Connecting to database...
[2024-12-04 06:05:09,976] {base.py:69} INFO - Using connection to: id: master_table_conn. Host: 10.10.18.92, Port: 5432, Schema: landing_zone, Login: Chakradhar, Password: ***, extra: {}
[2024-12-04 06:05:10,268] {main.py:28} INFO - Connected successfully...
[2024-12-04 06:05:10,377] {main.py:108} INFO - data fetched successfully from master db and size is (0, 8)
[2024-12-04 06:05:10,378] {main.py:109} INFO - Empty DataFrame
Columns: [ts, tag_obj_id, asset_id, value, created_by, updated_by, create_time, updated_time]
Index: []
[2024-12-04 06:05:10,384] {main.py:111} INFO - data stored successfully
[2024-12-04 06:05:10,385] {python.py:151} INFO - Done. Returned value was: None
[2024-12-04 06:05:10,407] {taskinstance.py:1204} INFO - Marking task as SUCCESS. dag_id=KPIs_for_5_Minutes, task_id=fetch_master_Data, execution_date=20241204T060000, start_date=20241204T060509, end_date=20241204T060510
[2024-12-04 06:05:10,543] {taskinstance.py:1265} INFO - 0 downstream tasks scheduled from follow-on schedule check
[2024-12-04 06:05:10,587] {local_task_job.py:151} INFO - Task exited with return code 0
