[2024-12-03 10:18:49,687] {taskinstance.py:896} INFO - Dependencies all met for <TaskInstance: KPIs_for_Hourly.list_of_kpi 2024-12-03T10:18:44.647647+00:00 [queued]>
[2024-12-03 10:18:49,725] {taskinstance.py:896} INFO - Dependencies all met for <TaskInstance: KPIs_for_Hourly.list_of_kpi 2024-12-03T10:18:44.647647+00:00 [queued]>
[2024-12-03 10:18:49,726] {taskinstance.py:1087} INFO - 
--------------------------------------------------------------------------------
[2024-12-03 10:18:49,726] {taskinstance.py:1088} INFO - Starting attempt 1 of 3
[2024-12-03 10:18:49,727] {taskinstance.py:1089} INFO - 
--------------------------------------------------------------------------------
[2024-12-03 10:18:49,819] {taskinstance.py:1107} INFO - Executing <Task(PythonOperator): list_of_kpi> on 2024-12-03T10:18:44.647647+00:00
[2024-12-03 10:18:49,824] {standard_task_runner.py:52} INFO - Started process 406 to run task
[2024-12-03 10:18:49,828] {standard_task_runner.py:76} INFO - Running: ['airflow', 'tasks', 'run', 'KPIs_for_Hourly', 'list_of_kpi', '2024-12-03T10:18:44.647647+00:00', '--job-id', '444', '--pool', 'default_pool', '--raw', '--subdir', 'DAGS_FOLDER/Kpi_dags/main.py', '--cfg-path', '/tmp/tmprpz8f6sy', '--error-file', '/tmp/tmpkbysior7']
[2024-12-03 10:18:49,830] {standard_task_runner.py:77} INFO - Job 444: Subtask list_of_kpi
[2024-12-03 10:18:49,983] {logging_mixin.py:104} INFO - Running <TaskInstance: KPIs_for_Hourly.list_of_kpi 2024-12-03T10:18:44.647647+00:00 [running]> on host 4dee9495e4cc
[2024-12-03 10:18:50,279] {taskinstance.py:1300} INFO - Exporting the following env vars:
AIRFLOW_CTX_DAG_OWNER=Rule Manager
AIRFLOW_CTX_DAG_ID=KPIs_for_Hourly
AIRFLOW_CTX_TASK_ID=list_of_kpi
AIRFLOW_CTX_EXECUTION_DATE=2024-12-03T10:18:44.647647+00:00
AIRFLOW_CTX_DAG_RUN_ID=manual__2024-12-03T10:18:44.647647+00:00
[2024-12-03 10:18:50,286] {main.py:54} INFO -   kpi_ids
0      []
[2024-12-03 10:18:50,295] {main.py:55} INFO - list of kpi's where scheduled frequency is Hourly are : ['Site Hourly Power Generation']
[2024-12-03 10:18:50,296] {python.py:151} INFO - Done. Returned value was: None
[2024-12-03 10:18:50,334] {taskinstance.py:1204} INFO - Marking task as SUCCESS. dag_id=KPIs_for_Hourly, task_id=list_of_kpi, execution_date=20241203T101844, start_date=20241203T101849, end_date=20241203T101850
[2024-12-03 10:18:50,471] {taskinstance.py:1265} INFO - 0 downstream tasks scheduled from follow-on schedule check
[2024-12-03 10:18:50,500] {local_task_job.py:151} INFO - Task exited with return code 0
