[2024-12-03 10:13:07,626] {taskinstance.py:896} INFO - Dependencies all met for <TaskInstance: KPIs_for_Hourly.list_of_kpi 2024-12-03T09:00:00+00:00 [queued]>
[2024-12-03 10:13:07,689] {taskinstance.py:896} INFO - Dependencies all met for <TaskInstance: KPIs_for_Hourly.list_of_kpi 2024-12-03T09:00:00+00:00 [queued]>
[2024-12-03 10:13:07,690] {taskinstance.py:1087} INFO - 
--------------------------------------------------------------------------------
[2024-12-03 10:13:07,691] {taskinstance.py:1088} INFO - Starting attempt 1 of 3
[2024-12-03 10:13:07,692] {taskinstance.py:1089} INFO - 
--------------------------------------------------------------------------------
[2024-12-03 10:13:07,775] {taskinstance.py:1107} INFO - Executing <Task(PythonOperator): list_of_kpi> on 2024-12-03T09:00:00+00:00
[2024-12-03 10:13:07,781] {standard_task_runner.py:52} INFO - Started process 192 to run task
[2024-12-03 10:13:07,785] {standard_task_runner.py:76} INFO - Running: ['airflow', 'tasks', 'run', 'KPIs_for_Hourly', 'list_of_kpi', '2024-12-03T09:00:00+00:00', '--job-id', '441', '--pool', 'default_pool', '--raw', '--subdir', 'DAGS_FOLDER/Kpi_dags/main.py', '--cfg-path', '/tmp/tmpp63jszgc', '--error-file', '/tmp/tmpdbzykc39']
[2024-12-03 10:13:07,786] {standard_task_runner.py:77} INFO - Job 441: Subtask list_of_kpi
[2024-12-03 10:13:07,948] {logging_mixin.py:104} INFO - Running <TaskInstance: KPIs_for_Hourly.list_of_kpi 2024-12-03T09:00:00+00:00 [running]> on host 4dee9495e4cc
[2024-12-03 10:13:08,242] {taskinstance.py:1300} INFO - Exporting the following env vars:
AIRFLOW_CTX_DAG_OWNER=Rule Manager
AIRFLOW_CTX_DAG_ID=KPIs_for_Hourly
AIRFLOW_CTX_TASK_ID=list_of_kpi
AIRFLOW_CTX_EXECUTION_DATE=2024-12-03T09:00:00+00:00
AIRFLOW_CTX_DAG_RUN_ID=scheduled__2024-12-03T09:00:00+00:00
[2024-12-03 10:13:08,259] {main.py:54} INFO -    id                      kpi_name  ... last_failure_time version_id
0   5  Site Hourly Power Generation  ...              None          1

[1 rows x 28 columns]
[2024-12-03 10:13:08,305] {main.py:55} INFO - list of kpi's where scheduled frequency is Hourly are : ['Site Hourly Power Generation']
[2024-12-03 10:13:08,306] {python.py:151} INFO - Done. Returned value was: None
[2024-12-03 10:13:08,340] {taskinstance.py:1204} INFO - Marking task as SUCCESS. dag_id=KPIs_for_Hourly, task_id=list_of_kpi, execution_date=20241203T090000, start_date=20241203T101307, end_date=20241203T101308
[2024-12-03 10:13:08,500] {taskinstance.py:1265} INFO - 0 downstream tasks scheduled from follow-on schedule check
[2024-12-03 10:13:08,538] {local_task_job.py:151} INFO - Task exited with return code 0
