[2024-11-20 06:24:09,131] {taskinstance.py:896} INFO - Dependencies all met for <TaskInstance: booking_ingestion.load_data 2024-11-19T06:23:45.808895+00:00 [queued]>
[2024-11-20 06:24:09,170] {taskinstance.py:896} INFO - Dependencies all met for <TaskInstance: booking_ingestion.load_data 2024-11-19T06:23:45.808895+00:00 [queued]>
[2024-11-20 06:24:09,171] {taskinstance.py:1087} INFO - 
--------------------------------------------------------------------------------
[2024-11-20 06:24:09,173] {taskinstance.py:1088} INFO - Starting attempt 1 of 1
[2024-11-20 06:24:09,173] {taskinstance.py:1089} INFO - 
--------------------------------------------------------------------------------
[2024-11-20 06:24:09,259] {taskinstance.py:1107} INFO - Executing <Task(PythonOperator): load_data> on 2024-11-19T06:23:45.808895+00:00
[2024-11-20 06:24:09,265] {standard_task_runner.py:52} INFO - Started process 267 to run task
[2024-11-20 06:24:09,270] {standard_task_runner.py:76} INFO - Running: ['airflow', 'tasks', 'run', 'booking_ingestion', 'load_data', '2024-11-19T06:23:45.808895+00:00', '--job-id', '6', '--pool', 'default_pool', '--raw', '--subdir', 'DAGS_FOLDER/data_injestion_dag/main.py', '--cfg-path', '/tmp/tmpfrofyery', '--error-file', '/tmp/tmp7dk9kwte']
[2024-11-20 06:24:09,272] {standard_task_runner.py:77} INFO - Job 6: Subtask load_data
[2024-11-20 06:24:09,416] {logging_mixin.py:104} INFO - Running <TaskInstance: booking_ingestion.load_data 2024-11-19T06:23:45.808895+00:00 [running]> on host c4170a1befa7
[2024-11-20 06:24:09,704] {taskinstance.py:1300} INFO - Exporting the following env vars:
AIRFLOW_CTX_DAG_OWNER=chakradhar
AIRFLOW_CTX_DAG_ID=booking_ingestion
AIRFLOW_CTX_TASK_ID=load_data
AIRFLOW_CTX_EXECUTION_DATE=2024-11-19T06:23:45.808895+00:00
AIRFLOW_CTX_DAG_RUN_ID=scheduled__2024-11-19T06:23:45.808895+00:00
[2024-11-20 06:24:09,889] {python.py:151} INFO - Done. Returned value was: None
[2024-11-20 06:24:09,911] {taskinstance.py:1204} INFO - Marking task as SUCCESS. dag_id=booking_ingestion, task_id=load_data, execution_date=20241119T062345, start_date=20241120T062409, end_date=20241120T062409
[2024-11-20 06:24:10,031] {taskinstance.py:1265} INFO - 0 downstream tasks scheduled from follow-on schedule check
[2024-11-20 06:24:10,064] {local_task_job.py:151} INFO - Task exited with return code 0
