[2024-12-03 05:54:03,390] {taskinstance.py:896} INFO - Dependencies all met for <TaskInstance: KPIs_for_1_Minutes.Hello_world 2024-12-03T05:53:00+00:00 [queued]>
[2024-12-03 05:54:03,424] {taskinstance.py:896} INFO - Dependencies all met for <TaskInstance: KPIs_for_1_Minutes.Hello_world 2024-12-03T05:53:00+00:00 [queued]>
[2024-12-03 05:54:03,425] {taskinstance.py:1087} INFO - 
--------------------------------------------------------------------------------
[2024-12-03 05:54:03,425] {taskinstance.py:1088} INFO - Starting attempt 1 of 3
[2024-12-03 05:54:03,426] {taskinstance.py:1089} INFO - 
--------------------------------------------------------------------------------
[2024-12-03 05:54:03,482] {taskinstance.py:1107} INFO - Executing <Task(PythonOperator): Hello_world> on 2024-12-03T05:53:00+00:00
[2024-12-03 05:54:03,486] {standard_task_runner.py:52} INFO - Started process 1918 to run task
[2024-12-03 05:54:03,489] {standard_task_runner.py:76} INFO - Running: ['airflow', 'tasks', 'run', 'KPIs_for_1_Minutes', 'Hello_world', '2024-12-03T05:53:00+00:00', '--job-id', '436', '--pool', 'default_pool', '--raw', '--subdir', 'DAGS_FOLDER/Kpi_dags/main.py', '--cfg-path', '/tmp/tmp7fi80awi', '--error-file', '/tmp/tmpj20hy94d']
[2024-12-03 05:54:03,490] {standard_task_runner.py:77} INFO - Job 436: Subtask Hello_world
[2024-12-03 05:54:03,613] {logging_mixin.py:104} INFO - Running <TaskInstance: KPIs_for_1_Minutes.Hello_world 2024-12-03T05:53:00+00:00 [running]> on host 4dee9495e4cc
[2024-12-03 05:54:03,804] {taskinstance.py:1300} INFO - Exporting the following env vars:
AIRFLOW_CTX_DAG_OWNER=Rule Manager
AIRFLOW_CTX_DAG_ID=KPIs_for_1_Minutes
AIRFLOW_CTX_TASK_ID=Hello_world
AIRFLOW_CTX_EXECUTION_DATE=2024-12-03T05:53:00+00:00
AIRFLOW_CTX_DAG_RUN_ID=scheduled__2024-12-03T05:53:00+00:00
[2024-12-03 05:54:03,805] {main.py:51} INFO - Hello World
[2024-12-03 05:54:03,806] {python.py:151} INFO - Done. Returned value was: None
[2024-12-03 05:54:03,826] {taskinstance.py:1204} INFO - Marking task as SUCCESS. dag_id=KPIs_for_1_Minutes, task_id=Hello_world, execution_date=20241203T055300, start_date=20241203T055403, end_date=20241203T055403
[2024-12-03 05:54:03,945] {taskinstance.py:1265} INFO - 0 downstream tasks scheduled from follow-on schedule check
[2024-12-03 05:54:03,955] {local_task_job.py:151} INFO - Task exited with return code 0
