[2024-12-04 05:55:14,590] {taskinstance.py:896} INFO - Dependencies all met for <TaskInstance: KPIs_for_5_Minutes.list_of_kpi 2024-12-04T05:55:02.914973+00:00 [queued]>
[2024-12-04 05:55:14,635] {taskinstance.py:896} INFO - Dependencies all met for <TaskInstance: KPIs_for_5_Minutes.list_of_kpi 2024-12-04T05:55:02.914973+00:00 [queued]>
[2024-12-04 05:55:14,636] {taskinstance.py:1087} INFO - 
--------------------------------------------------------------------------------
[2024-12-04 05:55:14,637] {taskinstance.py:1088} INFO - Starting attempt 1 of 3
[2024-12-04 05:55:14,637] {taskinstance.py:1089} INFO - 
--------------------------------------------------------------------------------
[2024-12-04 05:55:14,731] {taskinstance.py:1107} INFO - Executing <Task(PythonOperator): list_of_kpi> on 2024-12-04T05:55:02.914973+00:00
[2024-12-04 05:55:14,737] {standard_task_runner.py:52} INFO - Started process 1250 to run task
[2024-12-04 05:55:14,742] {standard_task_runner.py:76} INFO - Running: ['airflow', 'tasks', 'run', 'KPIs_for_5_Minutes', 'list_of_kpi', '2024-12-04T05:55:02.914973+00:00', '--job-id', '474', '--pool', 'default_pool', '--raw', '--subdir', 'DAGS_FOLDER/Kpi_dags/main.py', '--cfg-path', '/tmp/tmpgvgsaw7v', '--error-file', '/tmp/tmp4c46ildv']
[2024-12-04 05:55:14,744] {standard_task_runner.py:77} INFO - Job 474: Subtask list_of_kpi
[2024-12-04 05:55:14,886] {logging_mixin.py:104} INFO - Running <TaskInstance: KPIs_for_5_Minutes.list_of_kpi 2024-12-04T05:55:02.914973+00:00 [running]> on host ca28183b9a80
[2024-12-04 05:55:15,082] {taskinstance.py:1300} INFO - Exporting the following env vars:
AIRFLOW_CTX_DAG_OWNER=Rule Manager
AIRFLOW_CTX_DAG_ID=KPIs_for_5_Minutes
AIRFLOW_CTX_TASK_ID=list_of_kpi
AIRFLOW_CTX_EXECUTION_DATE=2024-12-04T05:55:02.914973+00:00
AIRFLOW_CTX_DAG_RUN_ID=manual__2024-12-04T05:55:02.914973+00:00
[2024-12-04 05:55:15,086] {main.py:113} INFO - list of kpi's where scheduled frequency is 5_Minutes are : ['Generation loss']
[2024-12-04 05:55:15,087] {main.py:114} INFO - tags used for this dag are : ('339',)
[2024-12-04 05:55:15,088] {python.py:151} INFO - Done. Returned value was: None
[2024-12-04 05:55:15,110] {taskinstance.py:1204} INFO - Marking task as SUCCESS. dag_id=KPIs_for_5_Minutes, task_id=list_of_kpi, execution_date=20241204T055502, start_date=20241204T055514, end_date=20241204T055515
[2024-12-04 05:55:15,298] {taskinstance.py:1265} INFO - 1 downstream tasks scheduled from follow-on schedule check
[2024-12-04 05:55:15,330] {local_task_job.py:151} INFO - Task exited with return code 0
