[2024-11-20 06:24:05,059] {taskinstance.py:896} INFO - Dependencies all met for <TaskInstance: booking_ingestion.transform_data 2024-11-20T06:21:45.638206+00:00 [queued]>
[2024-11-20 06:24:05,098] {taskinstance.py:896} INFO - Dependencies all met for <TaskInstance: booking_ingestion.transform_data 2024-11-20T06:21:45.638206+00:00 [queued]>
[2024-11-20 06:24:05,099] {taskinstance.py:1087} INFO - 
--------------------------------------------------------------------------------
[2024-11-20 06:24:05,100] {taskinstance.py:1088} INFO - Starting attempt 1 of 1
[2024-11-20 06:24:05,101] {taskinstance.py:1089} INFO - 
--------------------------------------------------------------------------------
[2024-11-20 06:24:05,179] {taskinstance.py:1107} INFO - Executing <Task(PythonOperator): transform_data> on 2024-11-20T06:21:45.638206+00:00
[2024-11-20 06:24:05,185] {standard_task_runner.py:52} INFO - Started process 257 to run task
[2024-11-20 06:24:05,191] {standard_task_runner.py:76} INFO - Running: ['airflow', 'tasks', 'run', 'booking_ingestion', 'transform_data', '2024-11-20T06:21:45.638206+00:00', '--job-id', '5', '--pool', 'default_pool', '--raw', '--subdir', 'DAGS_FOLDER/data_injestion_dag/main.py', '--cfg-path', '/tmp/tmpqddk0vl3', '--error-file', '/tmp/tmp_sodzsmx']
[2024-11-20 06:24:05,192] {standard_task_runner.py:77} INFO - Job 5: Subtask transform_data
[2024-11-20 06:24:05,319] {logging_mixin.py:104} INFO - Running <TaskInstance: booking_ingestion.transform_data 2024-11-20T06:21:45.638206+00:00 [running]> on host c4170a1befa7
[2024-11-20 06:24:05,526] {taskinstance.py:1300} INFO - Exporting the following env vars:
AIRFLOW_CTX_DAG_OWNER=chakradhar
AIRFLOW_CTX_DAG_ID=booking_ingestion
AIRFLOW_CTX_TASK_ID=transform_data
AIRFLOW_CTX_EXECUTION_DATE=2024-11-20T06:21:45.638206+00:00
AIRFLOW_CTX_DAG_RUN_ID=manual__2024-11-20T06:21:45.638206+00:00
[2024-11-20 06:24:05,582] {python.py:151} INFO - Done. Returned value was: None
[2024-11-20 06:24:05,613] {taskinstance.py:1204} INFO - Marking task as SUCCESS. dag_id=booking_ingestion, task_id=transform_data, execution_date=20241120T062145, start_date=20241120T062405, end_date=20241120T062405
[2024-11-20 06:24:05,811] {taskinstance.py:1265} INFO - 1 downstream tasks scheduled from follow-on schedule check
[2024-11-20 06:24:05,822] {local_task_job.py:151} INFO - Task exited with return code 0
