[2024-11-22 07:49:15,002] {taskinstance.py:896} INFO - Dependencies all met for <TaskInstance: kpi_calculation_pipeline.calculate_kpi 2024-11-22T07:49:06.975607+00:00 [queued]>
[2024-11-22 07:49:15,040] {taskinstance.py:896} INFO - Dependencies all met for <TaskInstance: kpi_calculation_pipeline.calculate_kpi 2024-11-22T07:49:06.975607+00:00 [queued]>
[2024-11-22 07:49:15,041] {taskinstance.py:1087} INFO - 
--------------------------------------------------------------------------------
[2024-11-22 07:49:15,041] {taskinstance.py:1088} INFO - Starting attempt 1 of 2
[2024-11-22 07:49:15,042] {taskinstance.py:1089} INFO - 
--------------------------------------------------------------------------------
[2024-11-22 07:49:15,111] {taskinstance.py:1107} INFO - Executing <Task(PythonOperator): calculate_kpi> on 2024-11-22T07:49:06.975607+00:00
[2024-11-22 07:49:15,117] {standard_task_runner.py:52} INFO - Started process 6568 to run task
[2024-11-22 07:49:15,120] {standard_task_runner.py:76} INFO - Running: ['airflow', 'tasks', 'run', 'kpi_calculation_pipeline', 'calculate_kpi', '2024-11-22T07:49:06.975607+00:00', '--job-id', '340', '--pool', 'default_pool', '--raw', '--subdir', 'DAGS_FOLDER/data_injestion_dag/bazefield_kpi_calculation.py', '--cfg-path', '/tmp/tmp7bajai2e', '--error-file', '/tmp/tmpmhyzebbu']
[2024-11-22 07:49:15,122] {standard_task_runner.py:77} INFO - Job 340: Subtask calculate_kpi
[2024-11-22 07:49:15,247] {logging_mixin.py:104} INFO - Running <TaskInstance: kpi_calculation_pipeline.calculate_kpi 2024-11-22T07:49:06.975607+00:00 [running]> on host 1b505405454d
[2024-11-22 07:49:15,468] {taskinstance.py:1300} INFO - Exporting the following env vars:
AIRFLOW_CTX_DAG_OWNER=airflow
AIRFLOW_CTX_DAG_ID=kpi_calculation_pipeline
AIRFLOW_CTX_TASK_ID=calculate_kpi
AIRFLOW_CTX_EXECUTION_DATE=2024-11-22T07:49:06.975607+00:00
AIRFLOW_CTX_DAG_RUN_ID=manual__2024-11-22T07:49:06.975607+00:00
[2024-11-22 07:49:15,516] {logging_mixin.py:104} INFO - maniyachi site generation for this hour : 10171.38526647845
[2024-11-22 07:49:15,577] {python.py:151} INFO - Done. Returned value was: None
[2024-11-22 07:49:15,607] {taskinstance.py:1204} INFO - Marking task as SUCCESS. dag_id=kpi_calculation_pipeline, task_id=calculate_kpi, execution_date=20241122T074906, start_date=20241122T074915, end_date=20241122T074915
[2024-11-22 07:49:15,756] {taskinstance.py:1265} INFO - 1 downstream tasks scheduled from follow-on schedule check
[2024-11-22 07:49:15,790] {local_task_job.py:151} INFO - Task exited with return code 0
