[2024-12-03 10:20:17,206] {taskinstance.py:896} INFO - Dependencies all met for <TaskInstance: KPIs_for_Hourly.list_of_kpi 2024-12-03T10:20:12.345011+00:00 [queued]>
[2024-12-03 10:20:17,287] {taskinstance.py:896} INFO - Dependencies all met for <TaskInstance: KPIs_for_Hourly.list_of_kpi 2024-12-03T10:20:12.345011+00:00 [queued]>
[2024-12-03 10:20:17,288] {taskinstance.py:1087} INFO - 
--------------------------------------------------------------------------------
[2024-12-03 10:20:17,289] {taskinstance.py:1088} INFO - Starting attempt 1 of 3
[2024-12-03 10:20:17,290] {taskinstance.py:1089} INFO - 
--------------------------------------------------------------------------------
[2024-12-03 10:20:17,376] {taskinstance.py:1107} INFO - Executing <Task(PythonOperator): list_of_kpi> on 2024-12-03T10:20:12.345011+00:00
[2024-12-03 10:20:17,383] {standard_task_runner.py:52} INFO - Started process 464 to run task
[2024-12-03 10:20:17,390] {standard_task_runner.py:76} INFO - Running: ['airflow', 'tasks', 'run', 'KPIs_for_Hourly', 'list_of_kpi', '2024-12-03T10:20:12.345011+00:00', '--job-id', '445', '--pool', 'default_pool', '--raw', '--subdir', 'DAGS_FOLDER/Kpi_dags/main.py', '--cfg-path', '/tmp/tmpplfxv2zn', '--error-file', '/tmp/tmpi7lavio2']
[2024-12-03 10:20:17,392] {standard_task_runner.py:77} INFO - Job 445: Subtask list_of_kpi
[2024-12-03 10:20:17,578] {logging_mixin.py:104} INFO - Running <TaskInstance: KPIs_for_Hourly.list_of_kpi 2024-12-03T10:20:12.345011+00:00 [running]> on host 4dee9495e4cc
[2024-12-03 10:20:17,869] {taskinstance.py:1300} INFO - Exporting the following env vars:
AIRFLOW_CTX_DAG_OWNER=Rule Manager
AIRFLOW_CTX_DAG_ID=KPIs_for_Hourly
AIRFLOW_CTX_TASK_ID=list_of_kpi
AIRFLOW_CTX_EXECUTION_DATE=2024-12-03T10:20:12.345011+00:00
AIRFLOW_CTX_DAG_RUN_ID=manual__2024-12-03T10:20:12.345011+00:00
[2024-12-03 10:20:17,878] {main.py:54} INFO -   kpi_ids
0      []
[2024-12-03 10:20:17,890] {main.py:55} INFO - kpi_ids    object
dtype: object
[2024-12-03 10:20:17,891] {main.py:56} INFO - list of kpi's where scheduled frequency is Hourly are : ['Site Hourly Power Generation']
[2024-12-03 10:20:17,892] {python.py:151} INFO - Done. Returned value was: None
[2024-12-03 10:20:17,926] {taskinstance.py:1204} INFO - Marking task as SUCCESS. dag_id=KPIs_for_Hourly, task_id=list_of_kpi, execution_date=20241203T102012, start_date=20241203T102017, end_date=20241203T102017
[2024-12-03 10:20:18,078] {taskinstance.py:1265} INFO - 0 downstream tasks scheduled from follow-on schedule check
[2024-12-03 10:20:18,100] {local_task_job.py:151} INFO - Task exited with return code 0
