[2024-12-03 12:00:04,047] {taskinstance.py:896} INFO - Dependencies all met for <TaskInstance: KPIs_for_Hourly.list_of_kpi 2024-12-03T11:00:00+00:00 [queued]>
[2024-12-03 12:00:04,088] {taskinstance.py:896} INFO - Dependencies all met for <TaskInstance: KPIs_for_Hourly.list_of_kpi 2024-12-03T11:00:00+00:00 [queued]>
[2024-12-03 12:00:04,089] {taskinstance.py:1087} INFO - 
--------------------------------------------------------------------------------
[2024-12-03 12:00:04,089] {taskinstance.py:1088} INFO - Starting attempt 1 of 3
[2024-12-03 12:00:04,090] {taskinstance.py:1089} INFO - 
--------------------------------------------------------------------------------
[2024-12-03 12:00:04,153] {taskinstance.py:1107} INFO - Executing <Task(PythonOperator): list_of_kpi> on 2024-12-03T11:00:00+00:00
[2024-12-03 12:00:04,157] {standard_task_runner.py:52} INFO - Started process 3566 to run task
[2024-12-03 12:00:04,160] {standard_task_runner.py:76} INFO - Running: ['airflow', 'tasks', 'run', 'KPIs_for_Hourly', 'list_of_kpi', '2024-12-03T11:00:00+00:00', '--job-id', '448', '--pool', 'default_pool', '--raw', '--subdir', 'DAGS_FOLDER/Kpi_dags/main.py', '--cfg-path', '/tmp/tmp4yj9hazo', '--error-file', '/tmp/tmpqbutjdvc']
[2024-12-03 12:00:04,162] {standard_task_runner.py:77} INFO - Job 448: Subtask list_of_kpi
[2024-12-03 12:00:04,274] {logging_mixin.py:104} INFO - Running <TaskInstance: KPIs_for_Hourly.list_of_kpi 2024-12-03T11:00:00+00:00 [running]> on host 4dee9495e4cc
[2024-12-03 12:00:04,442] {taskinstance.py:1300} INFO - Exporting the following env vars:
AIRFLOW_CTX_DAG_OWNER=Rule Manager
AIRFLOW_CTX_DAG_ID=KPIs_for_Hourly
AIRFLOW_CTX_TASK_ID=list_of_kpi
AIRFLOW_CTX_EXECUTION_DATE=2024-12-03T11:00:00+00:00
AIRFLOW_CTX_DAG_RUN_ID=scheduled__2024-12-03T11:00:00+00:00
[2024-12-03 12:00:04,445] {main.py:54} INFO - list of kpi's where scheduled frequency is Hourly are : ['Site Hourly Power Generation']
[2024-12-03 12:00:04,445] {main.py:55} INFO - tags used for this dag are : ['339']
[2024-12-03 12:00:04,446] {python.py:151} INFO - Done. Returned value was: None
[2024-12-03 12:00:04,463] {taskinstance.py:1204} INFO - Marking task as SUCCESS. dag_id=KPIs_for_Hourly, task_id=list_of_kpi, execution_date=20241203T110000, start_date=20241203T120004, end_date=20241203T120004
[2024-12-03 12:00:04,546] {taskinstance.py:1265} INFO - 0 downstream tasks scheduled from follow-on schedule check
[2024-12-03 12:00:04,586] {local_task_job.py:151} INFO - Task exited with return code 0
