[2024-12-04 07:00:06,457] {taskinstance.py:896} INFO - Dependencies all met for <TaskInstance: KPIs_for_Hourly.list_of_kpi 2024-12-04T06:00:00+00:00 [queued]>
[2024-12-04 07:00:06,487] {taskinstance.py:896} INFO - Dependencies all met for <TaskInstance: KPIs_for_Hourly.list_of_kpi 2024-12-04T06:00:00+00:00 [queued]>
[2024-12-04 07:00:06,489] {taskinstance.py:1087} INFO - 
--------------------------------------------------------------------------------
[2024-12-04 07:00:06,489] {taskinstance.py:1088} INFO - Starting attempt 1 of 3
[2024-12-04 07:00:06,490] {taskinstance.py:1089} INFO - 
--------------------------------------------------------------------------------
[2024-12-04 07:00:06,563] {taskinstance.py:1107} INFO - Executing <Task(PythonOperator): list_of_kpi> on 2024-12-04T06:00:00+00:00
[2024-12-04 07:00:06,568] {standard_task_runner.py:52} INFO - Started process 1302 to run task
[2024-12-04 07:00:06,572] {standard_task_runner.py:76} INFO - Running: ['airflow', 'tasks', 'run', 'KPIs_for_Hourly', 'list_of_kpi', '2024-12-04T06:00:00+00:00', '--job-id', '495', '--pool', 'default_pool', '--raw', '--subdir', 'DAGS_FOLDER/Kpi_dags/main.py', '--cfg-path', '/tmp/tmpn7y492ij', '--error-file', '/tmp/tmp4msoiwk3']
[2024-12-04 07:00:06,574] {standard_task_runner.py:77} INFO - Job 495: Subtask list_of_kpi
[2024-12-04 07:00:06,688] {logging_mixin.py:104} INFO - Running <TaskInstance: KPIs_for_Hourly.list_of_kpi 2024-12-04T06:00:00+00:00 [running]> on host 22a8df8403b9
[2024-12-04 07:00:06,869] {taskinstance.py:1300} INFO - Exporting the following env vars:
AIRFLOW_CTX_DAG_OWNER=Rule Manager
AIRFLOW_CTX_DAG_ID=KPIs_for_Hourly
AIRFLOW_CTX_TASK_ID=list_of_kpi
AIRFLOW_CTX_EXECUTION_DATE=2024-12-04T06:00:00+00:00
AIRFLOW_CTX_DAG_RUN_ID=scheduled__2024-12-04T06:00:00+00:00
[2024-12-04 07:00:06,872] {main.py:118} INFO - list of kpi's where scheduled frequency is Hourly are : ['Site Hourly Power Generation']
[2024-12-04 07:00:06,873] {main.py:119} INFO - tags used for this dag are : ('339',)
[2024-12-04 07:00:06,874] {python.py:151} INFO - Done. Returned value was: None
[2024-12-04 07:00:06,896] {taskinstance.py:1204} INFO - Marking task as SUCCESS. dag_id=KPIs_for_Hourly, task_id=list_of_kpi, execution_date=20241204T060000, start_date=20241204T070006, end_date=20241204T070006
[2024-12-04 07:00:07,087] {taskinstance.py:1265} INFO - 1 downstream tasks scheduled from follow-on schedule check
[2024-12-04 07:00:07,120] {local_task_job.py:151} INFO - Task exited with return code 0
