[2024-12-02 06:44:47,977] {taskinstance.py:896} INFO - Dependencies all met for <TaskInstance: kpi_calculation_pipeline.calculate_kpi 2024-11-22T21:05:00+00:00 [queued]>
[2024-12-02 06:44:48,023] {taskinstance.py:896} INFO - Dependencies all met for <TaskInstance: kpi_calculation_pipeline.calculate_kpi 2024-11-22T21:05:00+00:00 [queued]>
[2024-12-02 06:44:48,024] {taskinstance.py:1087} INFO - 
--------------------------------------------------------------------------------
[2024-12-02 06:44:48,025] {taskinstance.py:1088} INFO - Starting attempt 1 of 2
[2024-12-02 06:44:48,025] {taskinstance.py:1089} INFO - 
--------------------------------------------------------------------------------
[2024-12-02 06:44:48,097] {taskinstance.py:1107} INFO - Executing <Task(PythonOperator): calculate_kpi> on 2024-11-22T21:05:00+00:00
[2024-12-02 06:44:48,102] {standard_task_runner.py:52} INFO - Started process 48 to run task
[2024-12-02 06:44:48,106] {standard_task_runner.py:76} INFO - Running: ['airflow', 'tasks', 'run', 'kpi_calculation_pipeline', 'calculate_kpi', '2024-11-22T21:05:00+00:00', '--job-id', '387', '--pool', 'default_pool', '--raw', '--subdir', 'DAGS_FOLDER/data_injestion_dag/bazefield_kpi_calculation.py', '--cfg-path', '/tmp/tmp_vwe9f3b', '--error-file', '/tmp/tmpnwxguza5']
[2024-12-02 06:44:48,108] {standard_task_runner.py:77} INFO - Job 387: Subtask calculate_kpi
[2024-12-02 06:44:48,218] {logging_mixin.py:104} INFO - Running <TaskInstance: kpi_calculation_pipeline.calculate_kpi 2024-11-22T21:05:00+00:00 [running]> on host 59507e5d9338
[2024-12-02 06:44:48,468] {taskinstance.py:1300} INFO - Exporting the following env vars:
AIRFLOW_CTX_DAG_OWNER=airflow
AIRFLOW_CTX_DAG_ID=kpi_calculation_pipeline
AIRFLOW_CTX_TASK_ID=calculate_kpi
AIRFLOW_CTX_EXECUTION_DATE=2024-11-22T21:05:00+00:00
AIRFLOW_CTX_DAG_RUN_ID=scheduled__2024-11-22T21:05:00+00:00
[2024-12-02 06:44:48,528] {logging_mixin.py:104} INFO - maniyachi site generation for this hour : 2986.8371260523
[2024-12-02 06:44:48,606] {python.py:151} INFO - Done. Returned value was: None
[2024-12-02 06:44:48,639] {taskinstance.py:1204} INFO - Marking task as SUCCESS. dag_id=kpi_calculation_pipeline, task_id=calculate_kpi, execution_date=20241122T210500, start_date=20241202T064447, end_date=20241202T064448
[2024-12-02 06:44:48,825] {taskinstance.py:1265} INFO - 1 downstream tasks scheduled from follow-on schedule check
[2024-12-02 06:44:48,859] {local_task_job.py:151} INFO - Task exited with return code 0
