[2024-12-03 11:18:24,052] {taskinstance.py:896} INFO - Dependencies all met for <TaskInstance: KPIs_for_Hourly.list_of_kpi 2024-12-03T11:18:19.184250+00:00 [queued]>
[2024-12-03 11:18:24,104] {taskinstance.py:896} INFO - Dependencies all met for <TaskInstance: KPIs_for_Hourly.list_of_kpi 2024-12-03T11:18:19.184250+00:00 [queued]>
[2024-12-03 11:18:24,104] {taskinstance.py:1087} INFO - 
--------------------------------------------------------------------------------
[2024-12-03 11:18:24,106] {taskinstance.py:1088} INFO - Starting attempt 1 of 3
[2024-12-03 11:18:24,106] {taskinstance.py:1089} INFO - 
--------------------------------------------------------------------------------
[2024-12-03 11:18:24,182] {taskinstance.py:1107} INFO - Executing <Task(PythonOperator): list_of_kpi> on 2024-12-03T11:18:19.184250+00:00
[2024-12-03 11:18:24,188] {standard_task_runner.py:52} INFO - Started process 2276 to run task
[2024-12-03 11:18:24,192] {standard_task_runner.py:76} INFO - Running: ['airflow', 'tasks', 'run', 'KPIs_for_Hourly', 'list_of_kpi', '2024-12-03T11:18:19.184250+00:00', '--job-id', '447', '--pool', 'default_pool', '--raw', '--subdir', 'DAGS_FOLDER/Kpi_dags/main.py', '--cfg-path', '/tmp/tmpoj6wvkpi', '--error-file', '/tmp/tmpngrys423']
[2024-12-03 11:18:24,194] {standard_task_runner.py:77} INFO - Job 447: Subtask list_of_kpi
[2024-12-03 11:18:24,347] {logging_mixin.py:104} INFO - Running <TaskInstance: KPIs_for_Hourly.list_of_kpi 2024-12-03T11:18:19.184250+00:00 [running]> on host 4dee9495e4cc
[2024-12-03 11:18:24,673] {taskinstance.py:1300} INFO - Exporting the following env vars:
AIRFLOW_CTX_DAG_OWNER=Rule Manager
AIRFLOW_CTX_DAG_ID=KPIs_for_Hourly
AIRFLOW_CTX_TASK_ID=list_of_kpi
AIRFLOW_CTX_EXECUTION_DATE=2024-12-03T11:18:19.184250+00:00
AIRFLOW_CTX_DAG_RUN_ID=manual__2024-12-03T11:18:19.184250+00:00
[2024-12-03 11:18:24,676] {main.py:54} INFO - list of kpi's where scheduled frequency is Hourly are : ['Site Hourly Power Generation']
[2024-12-03 11:18:24,677] {main.py:55} INFO - tags used for this dag are : ['339']
[2024-12-03 11:18:24,679] {python.py:151} INFO - Done. Returned value was: None
[2024-12-03 11:18:24,710] {taskinstance.py:1204} INFO - Marking task as SUCCESS. dag_id=KPIs_for_Hourly, task_id=list_of_kpi, execution_date=20241203T111819, start_date=20241203T111824, end_date=20241203T111824
[2024-12-03 11:18:24,862] {taskinstance.py:1265} INFO - 0 downstream tasks scheduled from follow-on schedule check
[2024-12-03 11:18:24,905] {local_task_job.py:151} INFO - Task exited with return code 0
