[2024-12-03 05:18:29,094] {taskinstance.py:896} INFO - Dependencies all met for <TaskInstance: KPIs_for_1_Minutes.Hello_world 2024-12-03T05:18:25.736464+00:00 [queued]>
[2024-12-03 05:18:29,135] {taskinstance.py:896} INFO - Dependencies all met for <TaskInstance: KPIs_for_1_Minutes.Hello_world 2024-12-03T05:18:25.736464+00:00 [queued]>
[2024-12-03 05:18:29,136] {taskinstance.py:1087} INFO - 
--------------------------------------------------------------------------------
[2024-12-03 05:18:29,137] {taskinstance.py:1088} INFO - Starting attempt 1 of 3
[2024-12-03 05:18:29,137] {taskinstance.py:1089} INFO - 
--------------------------------------------------------------------------------
[2024-12-03 05:18:29,201] {taskinstance.py:1107} INFO - Executing <Task(PythonOperator): Hello_world> on 2024-12-03T05:18:25.736464+00:00
[2024-12-03 05:18:29,205] {standard_task_runner.py:52} INFO - Started process 646 to run task
[2024-12-03 05:18:29,208] {standard_task_runner.py:76} INFO - Running: ['airflow', 'tasks', 'run', 'KPIs_for_1_Minutes', 'Hello_world', '2024-12-03T05:18:25.736464+00:00', '--job-id', '420', '--pool', 'default_pool', '--raw', '--subdir', 'DAGS_FOLDER/Kpi_dags/main.py', '--cfg-path', '/tmp/tmpo2i1_w6q', '--error-file', '/tmp/tmpmsz__f8c']
[2024-12-03 05:18:29,210] {standard_task_runner.py:77} INFO - Job 420: Subtask Hello_world
[2024-12-03 05:18:29,325] {logging_mixin.py:104} INFO - Running <TaskInstance: KPIs_for_1_Minutes.Hello_world 2024-12-03T05:18:25.736464+00:00 [running]> on host 4dee9495e4cc
[2024-12-03 05:18:29,530] {taskinstance.py:1300} INFO - Exporting the following env vars:
AIRFLOW_CTX_DAG_OWNER=Rule Manager
AIRFLOW_CTX_DAG_ID=KPIs_for_1_Minutes
AIRFLOW_CTX_TASK_ID=Hello_world
AIRFLOW_CTX_EXECUTION_DATE=2024-12-03T05:18:25.736464+00:00
AIRFLOW_CTX_DAG_RUN_ID=manual__2024-12-03T05:18:25.736464+00:00
[2024-12-03 05:18:29,531] {main.py:51} INFO - Hello World
[2024-12-03 05:18:29,532] {python.py:151} INFO - Done. Returned value was: None
[2024-12-03 05:18:29,558] {taskinstance.py:1204} INFO - Marking task as SUCCESS. dag_id=KPIs_for_1_Minutes, task_id=Hello_world, execution_date=20241203T051825, start_date=20241203T051829, end_date=20241203T051829
[2024-12-03 05:18:29,686] {taskinstance.py:1265} INFO - 0 downstream tasks scheduled from follow-on schedule check
[2024-12-03 05:18:29,716] {local_task_job.py:151} INFO - Task exited with return code 0
