[2024-12-03 11:18:15,613] {taskinstance.py:896} INFO - Dependencies all met for <TaskInstance: KPIs_for_Hourly.list_of_kpi 2024-12-03T10:00:00+00:00 [queued]>
[2024-12-03 11:18:15,674] {taskinstance.py:896} INFO - Dependencies all met for <TaskInstance: KPIs_for_Hourly.list_of_kpi 2024-12-03T10:00:00+00:00 [queued]>
[2024-12-03 11:18:15,675] {taskinstance.py:1087} INFO - 
--------------------------------------------------------------------------------
[2024-12-03 11:18:15,676] {taskinstance.py:1088} INFO - Starting attempt 1 of 3
[2024-12-03 11:18:15,677] {taskinstance.py:1089} INFO - 
--------------------------------------------------------------------------------
[2024-12-03 11:18:15,807] {taskinstance.py:1107} INFO - Executing <Task(PythonOperator): list_of_kpi> on 2024-12-03T10:00:00+00:00
[2024-12-03 11:18:15,813] {standard_task_runner.py:52} INFO - Started process 2258 to run task
[2024-12-03 11:18:15,818] {standard_task_runner.py:76} INFO - Running: ['airflow', 'tasks', 'run', 'KPIs_for_Hourly', 'list_of_kpi', '2024-12-03T10:00:00+00:00', '--job-id', '446', '--pool', 'default_pool', '--raw', '--subdir', 'DAGS_FOLDER/Kpi_dags/main.py', '--cfg-path', '/tmp/tmpx6d25z6j', '--error-file', '/tmp/tmpa9euir70']
[2024-12-03 11:18:15,820] {standard_task_runner.py:77} INFO - Job 446: Subtask list_of_kpi
[2024-12-03 11:18:16,016] {logging_mixin.py:104} INFO - Running <TaskInstance: KPIs_for_Hourly.list_of_kpi 2024-12-03T10:00:00+00:00 [running]> on host 4dee9495e4cc
[2024-12-03 11:18:16,312] {taskinstance.py:1300} INFO - Exporting the following env vars:
AIRFLOW_CTX_DAG_OWNER=Rule Manager
AIRFLOW_CTX_DAG_ID=KPIs_for_Hourly
AIRFLOW_CTX_TASK_ID=list_of_kpi
AIRFLOW_CTX_EXECUTION_DATE=2024-12-03T10:00:00+00:00
AIRFLOW_CTX_DAG_RUN_ID=scheduled__2024-12-03T10:00:00+00:00
[2024-12-03 11:18:16,316] {main.py:54} INFO - list of kpi's where scheduled frequency is Hourly are : ['Site Hourly Power Generation']
[2024-12-03 11:18:16,317] {main.py:55} INFO - tags used for this dag are : ['339']
[2024-12-03 11:18:16,318] {python.py:151} INFO - Done. Returned value was: None
[2024-12-03 11:18:16,360] {taskinstance.py:1204} INFO - Marking task as SUCCESS. dag_id=KPIs_for_Hourly, task_id=list_of_kpi, execution_date=20241203T100000, start_date=20241203T111815, end_date=20241203T111816
[2024-12-03 11:18:16,585] {taskinstance.py:1265} INFO - 0 downstream tasks scheduled from follow-on schedule check
[2024-12-03 11:18:16,612] {local_task_job.py:151} INFO - Task exited with return code 0
