[2024-12-04 05:50:31,876] {taskinstance.py:896} INFO - Dependencies all met for <TaskInstance: KPIs_for_5_Minutes.fetch_master_Data 2024-12-04T05:50:22.244081+00:00 [queued]>
[2024-12-04 05:50:31,919] {taskinstance.py:896} INFO - Dependencies all met for <TaskInstance: KPIs_for_5_Minutes.fetch_master_Data 2024-12-04T05:50:22.244081+00:00 [queued]>
[2024-12-04 05:50:31,920] {taskinstance.py:1087} INFO - 
--------------------------------------------------------------------------------
[2024-12-04 05:50:31,921] {taskinstance.py:1088} INFO - Starting attempt 1 of 3
[2024-12-04 05:50:31,922] {taskinstance.py:1089} INFO - 
--------------------------------------------------------------------------------
[2024-12-04 05:50:31,993] {taskinstance.py:1107} INFO - Executing <Task(PythonOperator): fetch_master_Data> on 2024-12-04T05:50:22.244081+00:00
[2024-12-04 05:50:31,998] {standard_task_runner.py:52} INFO - Started process 1076 to run task
[2024-12-04 05:50:32,004] {standard_task_runner.py:76} INFO - Running: ['airflow', 'tasks', 'run', 'KPIs_for_5_Minutes', 'fetch_master_Data', '2024-12-04T05:50:22.244081+00:00', '--job-id', '471', '--pool', 'default_pool', '--raw', '--subdir', 'DAGS_FOLDER/Kpi_dags/main.py', '--cfg-path', '/tmp/tmp4_vxkp4b', '--error-file', '/tmp/tmpr3ffaab_']
[2024-12-04 05:50:32,006] {standard_task_runner.py:77} INFO - Job 471: Subtask fetch_master_Data
[2024-12-04 05:50:32,131] {logging_mixin.py:104} INFO - Running <TaskInstance: KPIs_for_5_Minutes.fetch_master_Data 2024-12-04T05:50:22.244081+00:00 [running]> on host ca28183b9a80
[2024-12-04 05:50:32,326] {taskinstance.py:1300} INFO - Exporting the following env vars:
AIRFLOW_CTX_DAG_OWNER=Rule Manager
AIRFLOW_CTX_DAG_ID=KPIs_for_5_Minutes
AIRFLOW_CTX_TASK_ID=fetch_master_Data
AIRFLOW_CTX_EXECUTION_DATE=2024-12-04T05:50:22.244081+00:00
AIRFLOW_CTX_DAG_RUN_ID=manual__2024-12-04T05:50:22.244081+00:00
[2024-12-04 05:50:32,328] {main.py:98} INFO - Fetching data from master db and storing excel between 2024-12-04 05:45:00 and 2024-12-04 05:50:00
[2024-12-04 05:50:32,329] {main.py:23} INFO - Connecting to database...
[2024-12-04 05:50:32,354] {base.py:69} INFO - Using connection to: id: master_table_conn. Host: 10.10.18.92, Port: 5432, Schema: landing_zone, Login: Chakradhar, Password: ***, extra: {}
[2024-12-04 05:50:32,630] {main.py:26} INFO - Connected successfully...
[2024-12-04 05:50:32,726] {main.py:106} INFO - data fetched successfully from master db and size is (0, 8)
[2024-12-04 05:50:32,727] {main.py:107} INFO - Empty DataFrame
Columns: [ts, tag_obj_id, asset_id, value, created_by, updated_by, create_time, updated_time]
Index: []
[2024-12-04 05:50:32,734] {main.py:109} INFO - data stored successfully
[2024-12-04 05:50:32,736] {python.py:151} INFO - Done. Returned value was: None
[2024-12-04 05:50:32,757] {taskinstance.py:1204} INFO - Marking task as SUCCESS. dag_id=KPIs_for_5_Minutes, task_id=fetch_master_Data, execution_date=20241204T055022, start_date=20241204T055031, end_date=20241204T055032
[2024-12-04 05:50:32,876] {taskinstance.py:1265} INFO - 0 downstream tasks scheduled from follow-on schedule check
[2024-12-04 05:50:32,921] {local_task_job.py:151} INFO - Task exited with return code 0
