[2024-12-02 06:45:05,847] {taskinstance.py:896} INFO - Dependencies all met for <TaskInstance: kpi_calculation_pipeline.calculate_kpi 2024-11-22T22:05:00+00:00 [queued]>
[2024-12-02 06:45:05,893] {taskinstance.py:896} INFO - Dependencies all met for <TaskInstance: kpi_calculation_pipeline.calculate_kpi 2024-11-22T22:05:00+00:00 [queued]>
[2024-12-02 06:45:05,894] {taskinstance.py:1087} INFO - 
--------------------------------------------------------------------------------
[2024-12-02 06:45:05,895] {taskinstance.py:1088} INFO - Starting attempt 1 of 2
[2024-12-02 06:45:05,895] {taskinstance.py:1089} INFO - 
--------------------------------------------------------------------------------
[2024-12-02 06:45:05,956] {taskinstance.py:1107} INFO - Executing <Task(PythonOperator): calculate_kpi> on 2024-11-22T22:05:00+00:00
[2024-12-02 06:45:05,961] {standard_task_runner.py:52} INFO - Started process 97 to run task
[2024-12-02 06:45:05,965] {standard_task_runner.py:76} INFO - Running: ['airflow', 'tasks', 'run', 'kpi_calculation_pipeline', 'calculate_kpi', '2024-11-22T22:05:00+00:00', '--job-id', '391', '--pool', 'default_pool', '--raw', '--subdir', 'DAGS_FOLDER/data_injestion_dag/bazefield_kpi_calculation.py', '--cfg-path', '/tmp/tmpesyi3zi9', '--error-file', '/tmp/tmpgte01ia6']
[2024-12-02 06:45:05,967] {standard_task_runner.py:77} INFO - Job 391: Subtask calculate_kpi
[2024-12-02 06:45:06,084] {logging_mixin.py:104} INFO - Running <TaskInstance: kpi_calculation_pipeline.calculate_kpi 2024-11-22T22:05:00+00:00 [running]> on host 59507e5d9338
[2024-12-02 06:45:06,301] {taskinstance.py:1300} INFO - Exporting the following env vars:
AIRFLOW_CTX_DAG_OWNER=airflow
AIRFLOW_CTX_DAG_ID=kpi_calculation_pipeline
AIRFLOW_CTX_TASK_ID=calculate_kpi
AIRFLOW_CTX_EXECUTION_DATE=2024-11-22T22:05:00+00:00
AIRFLOW_CTX_DAG_RUN_ID=scheduled__2024-11-22T22:05:00+00:00
[2024-12-02 06:45:06,345] {logging_mixin.py:104} INFO - maniyachi site generation for this hour : 183668.9133665486
[2024-12-02 06:45:06,401] {python.py:151} INFO - Done. Returned value was: None
[2024-12-02 06:45:06,427] {taskinstance.py:1204} INFO - Marking task as SUCCESS. dag_id=kpi_calculation_pipeline, task_id=calculate_kpi, execution_date=20241122T220500, start_date=20241202T064505, end_date=20241202T064506
[2024-12-02 06:45:06,582] {taskinstance.py:1265} INFO - 1 downstream tasks scheduled from follow-on schedule check
[2024-12-02 06:45:06,596] {local_task_job.py:151} INFO - Task exited with return code 0
