[2024-11-20 06:24:00,426] {taskinstance.py:896} INFO - Dependencies all met for <TaskInstance: booking_ingestion.transform_data 2024-11-19T06:23:45.808895+00:00 [queued]>
[2024-11-20 06:24:00,466] {taskinstance.py:896} INFO - Dependencies all met for <TaskInstance: booking_ingestion.transform_data 2024-11-19T06:23:45.808895+00:00 [queued]>
[2024-11-20 06:24:00,467] {taskinstance.py:1087} INFO - 
--------------------------------------------------------------------------------
[2024-11-20 06:24:00,468] {taskinstance.py:1088} INFO - Starting attempt 1 of 1
[2024-11-20 06:24:00,468] {taskinstance.py:1089} INFO - 
--------------------------------------------------------------------------------
[2024-11-20 06:24:00,556] {taskinstance.py:1107} INFO - Executing <Task(PythonOperator): transform_data> on 2024-11-19T06:23:45.808895+00:00
[2024-11-20 06:24:00,562] {standard_task_runner.py:52} INFO - Started process 247 to run task
[2024-11-20 06:24:00,566] {standard_task_runner.py:76} INFO - Running: ['airflow', 'tasks', 'run', 'booking_ingestion', 'transform_data', '2024-11-19T06:23:45.808895+00:00', '--job-id', '4', '--pool', 'default_pool', '--raw', '--subdir', 'DAGS_FOLDER/data_injestion_dag/main.py', '--cfg-path', '/tmp/tmp4rtrxvdy', '--error-file', '/tmp/tmps3v4s84z']
[2024-11-20 06:24:00,568] {standard_task_runner.py:77} INFO - Job 4: Subtask transform_data
[2024-11-20 06:24:00,712] {logging_mixin.py:104} INFO - Running <TaskInstance: booking_ingestion.transform_data 2024-11-19T06:23:45.808895+00:00 [running]> on host c4170a1befa7
[2024-11-20 06:24:01,016] {taskinstance.py:1300} INFO - Exporting the following env vars:
AIRFLOW_CTX_DAG_OWNER=chakradhar
AIRFLOW_CTX_DAG_ID=booking_ingestion
AIRFLOW_CTX_TASK_ID=transform_data
AIRFLOW_CTX_EXECUTION_DATE=2024-11-19T06:23:45.808895+00:00
AIRFLOW_CTX_DAG_RUN_ID=scheduled__2024-11-19T06:23:45.808895+00:00
[2024-11-20 06:24:01,135] {python.py:151} INFO - Done. Returned value was: None
[2024-11-20 06:24:01,159] {taskinstance.py:1204} INFO - Marking task as SUCCESS. dag_id=booking_ingestion, task_id=transform_data, execution_date=20241119T062345, start_date=20241120T062400, end_date=20241120T062401
[2024-11-20 06:24:01,332] {taskinstance.py:1265} INFO - 1 downstream tasks scheduled from follow-on schedule check
[2024-11-20 06:24:01,361] {local_task_job.py:151} INFO - Task exited with return code 0
