[2024-12-03 05:43:24,929] {taskinstance.py:896} INFO - Dependencies all met for <TaskInstance: KPIs_for_1_Minutes.Hello_world 2024-12-03T05:42:00+00:00 [queued]>
[2024-12-03 05:43:24,976] {taskinstance.py:896} INFO - Dependencies all met for <TaskInstance: KPIs_for_1_Minutes.Hello_world 2024-12-03T05:42:00+00:00 [queued]>
[2024-12-03 05:43:24,977] {taskinstance.py:1087} INFO - 
--------------------------------------------------------------------------------
[2024-12-03 05:43:24,978] {taskinstance.py:1088} INFO - Starting attempt 1 of 3
[2024-12-03 05:43:24,979] {taskinstance.py:1089} INFO - 
--------------------------------------------------------------------------------
[2024-12-03 05:43:25,068] {taskinstance.py:1107} INFO - Executing <Task(PythonOperator): Hello_world> on 2024-12-03T05:42:00+00:00
[2024-12-03 05:43:25,075] {standard_task_runner.py:52} INFO - Started process 1472 to run task
[2024-12-03 05:43:25,079] {standard_task_runner.py:76} INFO - Running: ['airflow', 'tasks', 'run', 'KPIs_for_1_Minutes', 'Hello_world', '2024-12-03T05:42:00+00:00', '--job-id', '425', '--pool', 'default_pool', '--raw', '--subdir', 'DAGS_FOLDER/Kpi_dags/main.py', '--cfg-path', '/tmp/tmpz61b2ld6', '--error-file', '/tmp/tmprpxmue8o']
[2024-12-03 05:43:25,081] {standard_task_runner.py:77} INFO - Job 425: Subtask Hello_world
[2024-12-03 05:43:25,222] {logging_mixin.py:104} INFO - Running <TaskInstance: KPIs_for_1_Minutes.Hello_world 2024-12-03T05:42:00+00:00 [running]> on host 4dee9495e4cc
[2024-12-03 05:43:25,447] {taskinstance.py:1300} INFO - Exporting the following env vars:
AIRFLOW_CTX_DAG_OWNER=Rule Manager
AIRFLOW_CTX_DAG_ID=KPIs_for_1_Minutes
AIRFLOW_CTX_TASK_ID=Hello_world
AIRFLOW_CTX_EXECUTION_DATE=2024-12-03T05:42:00+00:00
AIRFLOW_CTX_DAG_RUN_ID=scheduled__2024-12-03T05:42:00+00:00
[2024-12-03 05:43:25,450] {main.py:51} INFO - Hello World
[2024-12-03 05:43:25,452] {main.py:52} INFO -    id    kpi_name  ... last_failure_time version_id
0   2  Wind Speed  ...              None          1
1   3              ...              None          1

[2 rows x 28 columns]
[2024-12-03 05:43:25,492] {python.py:151} INFO - Done. Returned value was: None
[2024-12-03 05:43:25,517] {taskinstance.py:1204} INFO - Marking task as SUCCESS. dag_id=KPIs_for_1_Minutes, task_id=Hello_world, execution_date=20241203T054200, start_date=20241203T054324, end_date=20241203T054325
[2024-12-03 05:43:25,633] {taskinstance.py:1265} INFO - 0 downstream tasks scheduled from follow-on schedule check
[2024-12-03 05:43:25,672] {local_task_job.py:151} INFO - Task exited with return code 0
