[2024-12-04 06:02:24,714] {taskinstance.py:896} INFO - Dependencies all met for <TaskInstance: KPIs_for_5_Minutes.fetch_master_Data 2024-12-04T05:55:00+00:00 [queued]>
[2024-12-04 06:02:24,785] {taskinstance.py:896} INFO - Dependencies all met for <TaskInstance: KPIs_for_5_Minutes.fetch_master_Data 2024-12-04T05:55:00+00:00 [queued]>
[2024-12-04 06:02:24,786] {taskinstance.py:1087} INFO - 
--------------------------------------------------------------------------------
[2024-12-04 06:02:24,787] {taskinstance.py:1088} INFO - Starting attempt 1 of 3
[2024-12-04 06:02:24,788] {taskinstance.py:1089} INFO - 
--------------------------------------------------------------------------------
[2024-12-04 06:02:24,895] {taskinstance.py:1107} INFO - Executing <Task(PythonOperator): fetch_master_Data> on 2024-12-04T05:55:00+00:00
[2024-12-04 06:02:24,901] {standard_task_runner.py:52} INFO - Started process 1496 to run task
[2024-12-04 06:02:24,906] {standard_task_runner.py:76} INFO - Running: ['airflow', 'tasks', 'run', 'KPIs_for_5_Minutes', 'fetch_master_Data', '2024-12-04T05:55:00+00:00', '--job-id', '477', '--pool', 'default_pool', '--raw', '--subdir', 'DAGS_FOLDER/Kpi_dags/main.py', '--cfg-path', '/tmp/tmpl5mojz0a', '--error-file', '/tmp/tmpjr2i0omw']
[2024-12-04 06:02:24,907] {standard_task_runner.py:77} INFO - Job 477: Subtask fetch_master_Data
[2024-12-04 06:02:25,098] {logging_mixin.py:104} INFO - Running <TaskInstance: KPIs_for_5_Minutes.fetch_master_Data 2024-12-04T05:55:00+00:00 [running]> on host ca28183b9a80
[2024-12-04 06:02:25,353] {taskinstance.py:1300} INFO - Exporting the following env vars:
AIRFLOW_CTX_DAG_OWNER=Rule Manager
AIRFLOW_CTX_DAG_ID=KPIs_for_5_Minutes
AIRFLOW_CTX_TASK_ID=fetch_master_Data
AIRFLOW_CTX_EXECUTION_DATE=2024-12-04T05:55:00+00:00
AIRFLOW_CTX_DAG_RUN_ID=scheduled__2024-12-04T05:55:00+00:00
[2024-12-04 06:02:25,355] {main.py:100} INFO - Fetching data from master db and storing excel between 2024-12-04 05:55:00 and 2024-12-04 06:00:00
[2024-12-04 06:02:25,356] {main.py:25} INFO - Connecting to database...
[2024-12-04 06:02:25,384] {base.py:69} INFO - Using connection to: id: master_table_conn. Host: 10.10.18.92, Port: 5432, Schema: landing_zone, Login: Chakradhar, Password: ***, extra: {}
[2024-12-04 06:02:25,665] {main.py:28} INFO - Connected successfully...
[2024-12-04 06:02:25,768] {main.py:108} INFO - data fetched successfully from master db and size is (0, 8)
[2024-12-04 06:02:25,769] {main.py:109} INFO - Empty DataFrame
Columns: [ts, tag_obj_id, asset_id, value, created_by, updated_by, create_time, updated_time]
Index: []
[2024-12-04 06:02:25,777] {main.py:111} INFO - data stored successfully
[2024-12-04 06:02:25,778] {python.py:151} INFO - Done. Returned value was: None
[2024-12-04 06:02:25,821] {taskinstance.py:1204} INFO - Marking task as SUCCESS. dag_id=KPIs_for_5_Minutes, task_id=fetch_master_Data, execution_date=20241204T055500, start_date=20241204T060224, end_date=20241204T060225
[2024-12-04 06:02:25,996] {taskinstance.py:1265} INFO - 0 downstream tasks scheduled from follow-on schedule check
[2024-12-04 06:02:26,034] {local_task_job.py:151} INFO - Task exited with return code 0
