[2024-12-04 08:00:07,058] {taskinstance.py:896} INFO - Dependencies all met for <TaskInstance: KPIs_for_Hourly.fetch_master_Data 2024-12-04T07:00:00+00:00 [queued]>
[2024-12-04 08:00:07,082] {taskinstance.py:896} INFO - Dependencies all met for <TaskInstance: KPIs_for_Hourly.fetch_master_Data 2024-12-04T07:00:00+00:00 [queued]>
[2024-12-04 08:00:07,083] {taskinstance.py:1087} INFO - 
--------------------------------------------------------------------------------
[2024-12-04 08:00:07,083] {taskinstance.py:1088} INFO - Starting attempt 1 of 3
[2024-12-04 08:00:07,085] {taskinstance.py:1089} INFO - 
--------------------------------------------------------------------------------
[2024-12-04 08:00:07,137] {taskinstance.py:1107} INFO - Executing <Task(PythonOperator): fetch_master_Data> on 2024-12-04T07:00:00+00:00
[2024-12-04 08:00:07,141] {standard_task_runner.py:52} INFO - Started process 3053 to run task
[2024-12-04 08:00:07,144] {standard_task_runner.py:76} INFO - Running: ['airflow', 'tasks', 'run', 'KPIs_for_Hourly', 'fetch_master_Data', '2024-12-04T07:00:00+00:00', '--job-id', '498', '--pool', 'default_pool', '--raw', '--subdir', 'DAGS_FOLDER/Kpi_dags/main.py', '--cfg-path', '/tmp/tmpn22q91wo', '--error-file', '/tmp/tmpqmnl1vyl']
[2024-12-04 08:00:07,146] {standard_task_runner.py:77} INFO - Job 498: Subtask fetch_master_Data
[2024-12-04 08:00:07,236] {logging_mixin.py:104} INFO - Running <TaskInstance: KPIs_for_Hourly.fetch_master_Data 2024-12-04T07:00:00+00:00 [running]> on host 22a8df8403b9
[2024-12-04 08:00:07,380] {taskinstance.py:1300} INFO - Exporting the following env vars:
AIRFLOW_CTX_DAG_OWNER=Rule Manager
AIRFLOW_CTX_DAG_ID=KPIs_for_Hourly
AIRFLOW_CTX_TASK_ID=fetch_master_Data
AIRFLOW_CTX_EXECUTION_DATE=2024-12-04T07:00:00+00:00
AIRFLOW_CTX_DAG_RUN_ID=scheduled__2024-12-04T07:00:00+00:00
[2024-12-04 08:00:07,381] {main.py:102} INFO - Fetching data from master db and storing excel between 2024-12-04 12:00:00+05:30 and 2024-12-04 13:00:00+05:30
[2024-12-04 08:00:07,382] {main.py:109} INFO - Establishing connection to Master DB and query is SELECT * FROM raw_data WHERE tag_obj_id = 339 AND ts BETWEEN '2024-12-04 12:00:00+05:30' and '2024-12-04 13:00:00+05:30' 
[2024-12-04 08:00:07,382] {main.py:27} INFO - Connecting to database...
[2024-12-04 08:00:07,398] {base.py:69} INFO - Using connection to: id: master_table_conn. Host: 10.10.18.92, Port: 5432, Schema: landing_zone, Login: Chakradhar, Password: ***, extra: {}
[2024-12-04 08:00:07,678] {main.py:30} INFO - Connected successfully...
[2024-12-04 08:00:07,782] {main.py:111} INFO - data fetched successfully from master db and size is (0, 8)
[2024-12-04 08:00:07,783] {main.py:112} INFO - Empty DataFrame
Columns: [ts, tag_obj_id, asset_id, value, created_by, updated_by, create_time, updated_time]
Index: []
[2024-12-04 08:00:07,798] {main.py:114} INFO - data stored successfully
[2024-12-04 08:00:07,799] {python.py:151} INFO - Done. Returned value was: None
[2024-12-04 08:00:07,831] {taskinstance.py:1204} INFO - Marking task as SUCCESS. dag_id=KPIs_for_Hourly, task_id=fetch_master_Data, execution_date=20241204T070000, start_date=20241204T080007, end_date=20241204T080007
[2024-12-04 08:00:07,911] {taskinstance.py:1265} INFO - 0 downstream tasks scheduled from follow-on schedule check
[2024-12-04 08:00:07,939] {local_task_job.py:151} INFO - Task exited with return code 0
