[2024-12-03 05:45:04,874] {taskinstance.py:896} INFO - Dependencies all met for <TaskInstance: KPIs_for_1_Minutes.Hello_world 2024-12-03T05:44:00+00:00 [queued]>
[2024-12-03 05:45:04,918] {taskinstance.py:896} INFO - Dependencies all met for <TaskInstance: KPIs_for_1_Minutes.Hello_world 2024-12-03T05:44:00+00:00 [queued]>
[2024-12-03 05:45:04,919] {taskinstance.py:1087} INFO - 
--------------------------------------------------------------------------------
[2024-12-03 05:45:04,920] {taskinstance.py:1088} INFO - Starting attempt 1 of 3
[2024-12-03 05:45:04,921] {taskinstance.py:1089} INFO - 
--------------------------------------------------------------------------------
[2024-12-03 05:45:05,008] {taskinstance.py:1107} INFO - Executing <Task(PythonOperator): Hello_world> on 2024-12-03T05:44:00+00:00
[2024-12-03 05:45:05,014] {standard_task_runner.py:52} INFO - Started process 1548 to run task
[2024-12-03 05:45:05,019] {standard_task_runner.py:76} INFO - Running: ['airflow', 'tasks', 'run', 'KPIs_for_1_Minutes', 'Hello_world', '2024-12-03T05:44:00+00:00', '--job-id', '427', '--pool', 'default_pool', '--raw', '--subdir', 'DAGS_FOLDER/Kpi_dags/main.py', '--cfg-path', '/tmp/tmp_3gonwtq', '--error-file', '/tmp/tmpyku0r1wv']
[2024-12-03 05:45:05,021] {standard_task_runner.py:77} INFO - Job 427: Subtask Hello_world
[2024-12-03 05:45:05,171] {logging_mixin.py:104} INFO - Running <TaskInstance: KPIs_for_1_Minutes.Hello_world 2024-12-03T05:44:00+00:00 [running]> on host 4dee9495e4cc
[2024-12-03 05:45:05,422] {taskinstance.py:1300} INFO - Exporting the following env vars:
AIRFLOW_CTX_DAG_OWNER=Rule Manager
AIRFLOW_CTX_DAG_ID=KPIs_for_1_Minutes
AIRFLOW_CTX_TASK_ID=Hello_world
AIRFLOW_CTX_EXECUTION_DATE=2024-12-03T05:44:00+00:00
AIRFLOW_CTX_DAG_RUN_ID=scheduled__2024-12-03T05:44:00+00:00
[2024-12-03 05:45:05,423] {main.py:51} INFO - Hello World
[2024-12-03 05:45:05,424] {main.py:52} INFO -    id    kpi_name  ... last_failure_time version_id
0   2  Wind Speed  ...              None          1
1   3              ...              None          1

[2 rows x 28 columns]
[2024-12-03 05:45:05,466] {python.py:151} INFO - Done. Returned value was: None
[2024-12-03 05:45:05,494] {taskinstance.py:1204} INFO - Marking task as SUCCESS. dag_id=KPIs_for_1_Minutes, task_id=Hello_world, execution_date=20241203T054400, start_date=20241203T054504, end_date=20241203T054505
[2024-12-03 05:45:05,625] {taskinstance.py:1265} INFO - 0 downstream tasks scheduled from follow-on schedule check
[2024-12-03 05:45:05,649] {local_task_job.py:151} INFO - Task exited with return code 0
