[2024-12-03 05:12:05,508] {taskinstance.py:896} INFO - Dependencies all met for <TaskInstance: KPIs_for_1_Minutes.Hello_world 2024-12-03T05:11:00+00:00 [queued]>
[2024-12-03 05:12:05,555] {taskinstance.py:896} INFO - Dependencies all met for <TaskInstance: KPIs_for_1_Minutes.Hello_world 2024-12-03T05:11:00+00:00 [queued]>
[2024-12-03 05:12:05,556] {taskinstance.py:1087} INFO - 
--------------------------------------------------------------------------------
[2024-12-03 05:12:05,557] {taskinstance.py:1088} INFO - Starting attempt 1 of 3
[2024-12-03 05:12:05,558] {taskinstance.py:1089} INFO - 
--------------------------------------------------------------------------------
[2024-12-03 05:12:05,640] {taskinstance.py:1107} INFO - Executing <Task(PythonOperator): Hello_world> on 2024-12-03T05:11:00+00:00
[2024-12-03 05:12:05,646] {standard_task_runner.py:52} INFO - Started process 350 to run task
[2024-12-03 05:12:05,652] {standard_task_runner.py:76} INFO - Running: ['airflow', 'tasks', 'run', 'KPIs_for_1_Minutes', 'Hello_world', '2024-12-03T05:11:00+00:00', '--job-id', '412', '--pool', 'default_pool', '--raw', '--subdir', 'DAGS_FOLDER/Kpi_dags/main.py', '--cfg-path', '/tmp/tmpbybqs9h3', '--error-file', '/tmp/tmp_n72ulti']
[2024-12-03 05:12:05,654] {standard_task_runner.py:77} INFO - Job 412: Subtask Hello_world
[2024-12-03 05:12:05,851] {logging_mixin.py:104} INFO - Running <TaskInstance: KPIs_for_1_Minutes.Hello_world 2024-12-03T05:11:00+00:00 [running]> on host 4dee9495e4cc
[2024-12-03 05:12:06,117] {taskinstance.py:1300} INFO - Exporting the following env vars:
AIRFLOW_CTX_DAG_OWNER=Rule Manager
AIRFLOW_CTX_DAG_ID=KPIs_for_1_Minutes
AIRFLOW_CTX_TASK_ID=Hello_world
AIRFLOW_CTX_EXECUTION_DATE=2024-12-03T05:11:00+00:00
AIRFLOW_CTX_DAG_RUN_ID=scheduled__2024-12-03T05:11:00+00:00
[2024-12-03 05:12:06,119] {logging_mixin.py:104} INFO - Hello World
[2024-12-03 05:12:06,121] {python.py:151} INFO - Done. Returned value was: None
[2024-12-03 05:12:06,156] {taskinstance.py:1204} INFO - Marking task as SUCCESS. dag_id=KPIs_for_1_Minutes, task_id=Hello_world, execution_date=20241203T051100, start_date=20241203T051205, end_date=20241203T051206
[2024-12-03 05:12:06,293] {taskinstance.py:1265} INFO - 0 downstream tasks scheduled from follow-on schedule check
[2024-12-03 05:12:06,321] {local_task_job.py:151} INFO - Task exited with return code 0
