[2024-11-22 06:07:53,548] {taskinstance.py:896} INFO - Dependencies all met for <TaskInstance: kpi_calculation_pipeline.calculate_kpi 2024-11-22T06:02:44.998804+00:00 [queued]>
[2024-11-22 06:07:53,590] {taskinstance.py:896} INFO - Dependencies all met for <TaskInstance: kpi_calculation_pipeline.calculate_kpi 2024-11-22T06:02:44.998804+00:00 [queued]>
[2024-11-22 06:07:53,590] {taskinstance.py:1087} INFO - 
--------------------------------------------------------------------------------
[2024-11-22 06:07:53,591] {taskinstance.py:1088} INFO - Starting attempt 1 of 2
[2024-11-22 06:07:53,591] {taskinstance.py:1089} INFO - 
--------------------------------------------------------------------------------
[2024-11-22 06:07:53,668] {taskinstance.py:1107} INFO - Executing <Task(PythonOperator): calculate_kpi> on 2024-11-22T06:02:44.998804+00:00
[2024-11-22 06:07:53,673] {standard_task_runner.py:52} INFO - Started process 3206 to run task
[2024-11-22 06:07:53,676] {standard_task_runner.py:76} INFO - Running: ['airflow', 'tasks', 'run', 'kpi_calculation_pipeline', 'calculate_kpi', '2024-11-22T06:02:44.998804+00:00', '--job-id', '319', '--pool', 'default_pool', '--raw', '--subdir', 'DAGS_FOLDER/data_injestion_dag/bazefield_kpi_calculation.py', '--cfg-path', '/tmp/tmpnf5471r6', '--error-file', '/tmp/tmpnrwbmgw2']
[2024-11-22 06:07:53,678] {standard_task_runner.py:77} INFO - Job 319: Subtask calculate_kpi
[2024-11-22 06:07:53,807] {logging_mixin.py:104} INFO - Running <TaskInstance: kpi_calculation_pipeline.calculate_kpi 2024-11-22T06:02:44.998804+00:00 [running]> on host 1b505405454d
[2024-11-22 06:07:54,026] {taskinstance.py:1300} INFO - Exporting the following env vars:
AIRFLOW_CTX_DAG_OWNER=airflow
AIRFLOW_CTX_DAG_ID=kpi_calculation_pipeline
AIRFLOW_CTX_TASK_ID=calculate_kpi
AIRFLOW_CTX_EXECUTION_DATE=2024-11-22T06:02:44.998804+00:00
AIRFLOW_CTX_DAG_RUN_ID=scheduled__2024-11-22T06:02:44.998804+00:00
[2024-11-22 06:07:54,080] {logging_mixin.py:104} INFO - maniyachi site generation for this hour : 27864.089545544437
[2024-11-22 06:07:54,155] {python.py:151} INFO - Done. Returned value was: None
[2024-11-22 06:07:54,216] {taskinstance.py:1204} INFO - Marking task as SUCCESS. dag_id=kpi_calculation_pipeline, task_id=calculate_kpi, execution_date=20241122T060244, start_date=20241122T060753, end_date=20241122T060754
[2024-11-22 06:07:54,448] {taskinstance.py:1265} INFO - 1 downstream tasks scheduled from follow-on schedule check
[2024-11-22 06:07:54,470] {local_task_job.py:151} INFO - Task exited with return code 0
