[2024-12-04 05:43:34,123] {taskinstance.py:896} INFO - Dependencies all met for <TaskInstance: KPIs_for_5_Minutes.fetch_master_Data 2024-12-04T05:41:43.406406+00:00 [queued]>
[2024-12-04 05:43:34,158] {taskinstance.py:896} INFO - Dependencies all met for <TaskInstance: KPIs_for_5_Minutes.fetch_master_Data 2024-12-04T05:41:43.406406+00:00 [queued]>
[2024-12-04 05:43:34,159] {taskinstance.py:1087} INFO - 
--------------------------------------------------------------------------------
[2024-12-04 05:43:34,160] {taskinstance.py:1088} INFO - Starting attempt 2 of 3
[2024-12-04 05:43:34,161] {taskinstance.py:1089} INFO - 
--------------------------------------------------------------------------------
[2024-12-04 05:43:34,238] {taskinstance.py:1107} INFO - Executing <Task(PythonOperator): fetch_master_Data> on 2024-12-04T05:41:43.406406+00:00
[2024-12-04 05:43:34,243] {standard_task_runner.py:52} INFO - Started process 800 to run task
[2024-12-04 05:43:34,249] {standard_task_runner.py:76} INFO - Running: ['airflow', 'tasks', 'run', 'KPIs_for_5_Minutes', 'fetch_master_Data', '2024-12-04T05:41:43.406406+00:00', '--job-id', '465', '--pool', 'default_pool', '--raw', '--subdir', 'DAGS_FOLDER/Kpi_dags/main.py', '--cfg-path', '/tmp/tmpb_koofs0', '--error-file', '/tmp/tmphtl2fqpk']
[2024-12-04 05:43:34,250] {standard_task_runner.py:77} INFO - Job 465: Subtask fetch_master_Data
[2024-12-04 05:43:34,388] {logging_mixin.py:104} INFO - Running <TaskInstance: KPIs_for_5_Minutes.fetch_master_Data 2024-12-04T05:41:43.406406+00:00 [running]> on host ca28183b9a80
[2024-12-04 05:43:34,548] {taskinstance.py:1300} INFO - Exporting the following env vars:
AIRFLOW_CTX_DAG_OWNER=Rule Manager
AIRFLOW_CTX_DAG_ID=KPIs_for_5_Minutes
AIRFLOW_CTX_TASK_ID=fetch_master_Data
AIRFLOW_CTX_EXECUTION_DATE=2024-12-04T05:41:43.406406+00:00
AIRFLOW_CTX_DAG_RUN_ID=manual__2024-12-04T05:41:43.406406+00:00
[2024-12-04 05:43:34,549] {main.py:98} INFO - Fetching data from master db and storing excel between 2024-12-04 05:35:00 and 2024-12-04 05:40:00
[2024-12-04 05:43:34,550] {main.py:23} INFO - Connecting to database...
[2024-12-04 05:43:34,574] {base.py:69} INFO - Using connection to: id: master_table_conn. Host: 10.10.18.92, Port: 5432, Schema: landing_zone, Login: Chakradhar, Password: ***, extra: {}
[2024-12-04 05:43:34,843] {main.py:26} INFO - Connected successfully...
[2024-12-04 05:43:34,938] {main.py:106} INFO - data fetched successfully from master db
[2024-12-04 05:43:34,948] {main.py:108} INFO - data stored successfully
[2024-12-04 05:43:34,949] {python.py:151} INFO - Done. Returned value was: None
[2024-12-04 05:43:34,978] {taskinstance.py:1204} INFO - Marking task as SUCCESS. dag_id=KPIs_for_5_Minutes, task_id=fetch_master_Data, execution_date=20241204T054143, start_date=20241204T054334, end_date=20241204T054334
[2024-12-04 05:43:35,137] {taskinstance.py:1265} INFO - 0 downstream tasks scheduled from follow-on schedule check
[2024-12-04 05:43:35,165] {local_task_job.py:151} INFO - Task exited with return code 0
