[2024-12-02 06:50:50,306] {taskinstance.py:896} INFO - Dependencies all met for <TaskInstance: kpi_calculation_pipeline.calculate_kpi 2024-11-23T03:05:00+00:00 [queued]>
[2024-12-02 06:50:50,354] {taskinstance.py:896} INFO - Dependencies all met for <TaskInstance: kpi_calculation_pipeline.calculate_kpi 2024-11-23T03:05:00+00:00 [queued]>
[2024-12-02 06:50:50,355] {taskinstance.py:1087} INFO - 
--------------------------------------------------------------------------------
[2024-12-02 06:50:50,356] {taskinstance.py:1088} INFO - Starting attempt 1 of 2
[2024-12-02 06:50:50,357] {taskinstance.py:1089} INFO - 
--------------------------------------------------------------------------------
[2024-12-02 06:50:50,458] {taskinstance.py:1107} INFO - Executing <Task(PythonOperator): calculate_kpi> on 2024-11-23T03:05:00+00:00
[2024-12-02 06:50:50,463] {standard_task_runner.py:52} INFO - Started process 260 to run task
[2024-12-02 06:50:50,468] {standard_task_runner.py:76} INFO - Running: ['airflow', 'tasks', 'run', 'kpi_calculation_pipeline', 'calculate_kpi', '2024-11-23T03:05:00+00:00', '--job-id', '404', '--pool', 'default_pool', '--raw', '--subdir', 'DAGS_FOLDER/data_injestion_dag/bazefield_kpi_calculation.py', '--cfg-path', '/tmp/tmpdkk2bx9a', '--error-file', '/tmp/tmpl9ttn26x']
[2024-12-02 06:50:50,469] {standard_task_runner.py:77} INFO - Job 404: Subtask calculate_kpi
[2024-12-02 06:50:50,595] {logging_mixin.py:104} INFO - Running <TaskInstance: kpi_calculation_pipeline.calculate_kpi 2024-11-23T03:05:00+00:00 [running]> on host 59507e5d9338
[2024-12-02 06:50:50,851] {taskinstance.py:1300} INFO - Exporting the following env vars:
AIRFLOW_CTX_DAG_OWNER=airflow
AIRFLOW_CTX_DAG_ID=kpi_calculation_pipeline
AIRFLOW_CTX_TASK_ID=calculate_kpi
AIRFLOW_CTX_EXECUTION_DATE=2024-11-23T03:05:00+00:00
AIRFLOW_CTX_DAG_RUN_ID=scheduled__2024-11-23T03:05:00+00:00
[2024-12-02 06:50:50,912] {logging_mixin.py:104} INFO - maniyachi site generation for this hour : 183668.9133665486
[2024-12-02 06:50:51,009] {python.py:151} INFO - Done. Returned value was: None
[2024-12-02 06:50:51,037] {taskinstance.py:1204} INFO - Marking task as SUCCESS. dag_id=kpi_calculation_pipeline, task_id=calculate_kpi, execution_date=20241123T030500, start_date=20241202T065050, end_date=20241202T065051
[2024-12-02 06:50:51,240] {taskinstance.py:1265} INFO - 1 downstream tasks scheduled from follow-on schedule check
[2024-12-02 06:50:51,261] {local_task_job.py:151} INFO - Task exited with return code 0
