[2024-11-19 08:57:46,516] {dag_processing.py:604} INFO - Processing files using up to 1 processes at a time 
[2024-11-19 08:57:46,517] {dag_processing.py:605} INFO - Process each file at most once every 30 seconds
[2024-11-19 08:57:46,519] {dag_processing.py:606} INFO - Checking for new files in /opt/airflow/dags every 300 seconds
[2024-11-19 08:57:46,521] {dag_processing.py:755} INFO - Searching for files in /opt/airflow/dags
[2024-11-19 08:57:46,529] {dag_processing.py:758} INFO - There are 0 files in /opt/airflow/dags
[2024-11-19 08:57:46,697] {dag_processing.py:1129} INFO - Finding 'running' jobs without a recent heartbeat
[2024-11-19 08:57:46,701] {dag_processing.py:1133} INFO - Failing jobs without heartbeat after 2024-11-19 08:52:46.701095+00:00
[2024-11-19 08:57:58,024] {dag_processing.py:1129} INFO - Finding 'running' jobs without a recent heartbeat
[2024-11-19 08:57:58,026] {dag_processing.py:1133} INFO - Failing jobs without heartbeat after 2024-11-19 08:52:58.026618+00:00
[2024-11-19 08:58:09,329] {dag_processing.py:1129} INFO - Finding 'running' jobs without a recent heartbeat
[2024-11-19 08:58:09,333] {dag_processing.py:1133} INFO - Failing jobs without heartbeat after 2024-11-19 08:53:09.332887+00:00
[2024-11-19 08:58:20,135] {dag_processing.py:1129} INFO - Finding 'running' jobs without a recent heartbeat
[2024-11-19 08:58:20,141] {dag_processing.py:1133} INFO - Failing jobs without heartbeat after 2024-11-19 08:53:20.140905+00:00
[2024-11-19 08:58:40,538] {dag_processing.py:1129} INFO - Finding 'running' jobs without a recent heartbeat
[2024-11-19 08:58:40,547] {dag_processing.py:1133} INFO - Failing jobs without heartbeat after 2024-11-19 08:53:40.547744+00:00
[2024-11-19 08:58:53,173] {dag_processing.py:1129} INFO - Finding 'running' jobs without a recent heartbeat
[2024-11-19 08:58:53,196] {dag_processing.py:1133} INFO - Failing jobs without heartbeat after 2024-11-19 08:53:53.195928+00:00
[2024-11-19 08:59:05,233] {dag_processing.py:1129} INFO - Finding 'running' jobs without a recent heartbeat
[2024-11-19 08:59:05,266] {dag_processing.py:1133} INFO - Failing jobs without heartbeat after 2024-11-19 08:54:05.266605+00:00
[2024-11-19 08:59:22,667] {dag_processing.py:1129} INFO - Finding 'running' jobs without a recent heartbeat
[2024-11-19 08:59:22,672] {dag_processing.py:1133} INFO - Failing jobs without heartbeat after 2024-11-19 08:54:22.672531+00:00
[2024-11-19 08:59:36,276] {dag_processing.py:1129} INFO - Finding 'running' jobs without a recent heartbeat
[2024-11-19 08:59:36,318] {dag_processing.py:1133} INFO - Failing jobs without heartbeat after 2024-11-19 08:54:36.318193+00:00
[2024-11-19 08:59:48,604] {dag_processing.py:1129} INFO - Finding 'running' jobs without a recent heartbeat
[2024-11-19 08:59:48,629] {dag_processing.py:1133} INFO - Failing jobs without heartbeat after 2024-11-19 08:54:48.629170+00:00
[2024-11-19 09:00:05,583] {dag_processing.py:1129} INFO - Finding 'running' jobs without a recent heartbeat
[2024-11-19 09:00:05,610] {dag_processing.py:1133} INFO - Failing jobs without heartbeat after 2024-11-19 08:55:05.610366+00:00
[2024-11-19 09:00:16,815] {dag_processing.py:1129} INFO - Finding 'running' jobs without a recent heartbeat
[2024-11-19 09:00:16,818] {dag_processing.py:1133} INFO - Failing jobs without heartbeat after 2024-11-19 08:55:16.818862+00:00
[2024-11-19 09:00:27,075] {dag_processing.py:1129} INFO - Finding 'running' jobs without a recent heartbeat
[2024-11-19 09:00:27,077] {dag_processing.py:1133} INFO - Failing jobs without heartbeat after 2024-11-19 08:55:27.077737+00:00
[2024-11-19 09:00:37,312] {dag_processing.py:1129} INFO - Finding 'running' jobs without a recent heartbeat
[2024-11-19 09:00:37,314] {dag_processing.py:1133} INFO - Failing jobs without heartbeat after 2024-11-19 08:55:37.314831+00:00
[2024-11-19 09:00:47,630] {dag_processing.py:1129} INFO - Finding 'running' jobs without a recent heartbeat
[2024-11-19 09:00:47,632] {dag_processing.py:1133} INFO - Failing jobs without heartbeat after 2024-11-19 08:55:47.632908+00:00
[2024-11-19 09:00:58,539] {dag_processing.py:1129} INFO - Finding 'running' jobs without a recent heartbeat
[2024-11-19 09:00:58,543] {dag_processing.py:1133} INFO - Failing jobs without heartbeat after 2024-11-19 08:55:58.543483+00:00
[2024-11-19 09:01:08,991] {dag_processing.py:1129} INFO - Finding 'running' jobs without a recent heartbeat
[2024-11-19 09:01:08,994] {dag_processing.py:1133} INFO - Failing jobs without heartbeat after 2024-11-19 08:56:08.994638+00:00
[2024-11-19 09:01:19,315] {dag_processing.py:1129} INFO - Finding 'running' jobs without a recent heartbeat
[2024-11-19 09:01:19,318] {dag_processing.py:1133} INFO - Failing jobs without heartbeat after 2024-11-19 08:56:19.318011+00:00
[2024-11-19 09:01:29,620] {dag_processing.py:1129} INFO - Finding 'running' jobs without a recent heartbeat
[2024-11-19 09:01:29,623] {dag_processing.py:1133} INFO - Failing jobs without heartbeat after 2024-11-19 08:56:29.623240+00:00
[2024-11-19 09:01:39,944] {dag_processing.py:1129} INFO - Finding 'running' jobs without a recent heartbeat
[2024-11-19 09:01:39,945] {dag_processing.py:1133} INFO - Failing jobs without heartbeat after 2024-11-19 08:56:39.945578+00:00
[2024-11-19 09:01:50,281] {dag_processing.py:1129} INFO - Finding 'running' jobs without a recent heartbeat
[2024-11-19 09:01:50,283] {dag_processing.py:1133} INFO - Failing jobs without heartbeat after 2024-11-19 08:56:50.283931+00:00
[2024-11-19 09:02:00,616] {dag_processing.py:1129} INFO - Finding 'running' jobs without a recent heartbeat
[2024-11-19 09:02:00,618] {dag_processing.py:1133} INFO - Failing jobs without heartbeat after 2024-11-19 08:57:00.618847+00:00
[2024-11-19 09:02:10,945] {dag_processing.py:1129} INFO - Finding 'running' jobs without a recent heartbeat
[2024-11-19 09:02:10,949] {dag_processing.py:1133} INFO - Failing jobs without heartbeat after 2024-11-19 08:57:10.949539+00:00
[2024-11-19 09:02:21,274] {dag_processing.py:1129} INFO - Finding 'running' jobs without a recent heartbeat
[2024-11-19 09:02:21,277] {dag_processing.py:1133} INFO - Failing jobs without heartbeat after 2024-11-19 08:57:21.276968+00:00
[2024-11-19 09:02:31,346] {dag_processing.py:1129} INFO - Finding 'running' jobs without a recent heartbeat
[2024-11-19 09:02:31,348] {dag_processing.py:1133} INFO - Failing jobs without heartbeat after 2024-11-19 08:57:31.348608+00:00
[2024-11-19 09:02:41,888] {dag_processing.py:1129} INFO - Finding 'running' jobs without a recent heartbeat
[2024-11-19 09:02:41,890] {dag_processing.py:1133} INFO - Failing jobs without heartbeat after 2024-11-19 08:57:41.890038+00:00
[2024-11-19 09:02:47,059] {dag_processing.py:755} INFO - Searching for files in /opt/airflow/dags
[2024-11-19 09:02:47,064] {dag_processing.py:758} INFO - There are 0 files in /opt/airflow/dags
[2024-11-19 09:02:52,330] {dag_processing.py:1129} INFO - Finding 'running' jobs without a recent heartbeat
[2024-11-19 09:02:52,334] {dag_processing.py:1133} INFO - Failing jobs without heartbeat after 2024-11-19 08:57:52.334268+00:00
[2024-11-19 09:03:02,654] {dag_processing.py:1129} INFO - Finding 'running' jobs without a recent heartbeat
[2024-11-19 09:03:02,657] {dag_processing.py:1133} INFO - Failing jobs without heartbeat after 2024-11-19 08:58:02.656990+00:00
[2024-11-19 09:03:12,990] {dag_processing.py:1129} INFO - Finding 'running' jobs without a recent heartbeat
[2024-11-19 09:03:12,992] {dag_processing.py:1133} INFO - Failing jobs without heartbeat after 2024-11-19 08:58:12.992808+00:00
[2024-11-19 09:03:23,340] {dag_processing.py:1129} INFO - Finding 'running' jobs without a recent heartbeat
[2024-11-19 09:03:23,342] {dag_processing.py:1133} INFO - Failing jobs without heartbeat after 2024-11-19 08:58:23.342802+00:00
[2024-11-19 09:03:33,699] {dag_processing.py:1129} INFO - Finding 'running' jobs without a recent heartbeat
[2024-11-19 09:03:33,707] {dag_processing.py:1133} INFO - Failing jobs without heartbeat after 2024-11-19 08:58:33.707810+00:00
[2024-11-19 09:03:44,038] {dag_processing.py:1129} INFO - Finding 'running' jobs without a recent heartbeat
[2024-11-19 09:03:44,042] {dag_processing.py:1133} INFO - Failing jobs without heartbeat after 2024-11-19 08:58:44.042061+00:00
[2024-11-19 09:03:54,378] {dag_processing.py:1129} INFO - Finding 'running' jobs without a recent heartbeat
[2024-11-19 09:03:54,381] {dag_processing.py:1133} INFO - Failing jobs without heartbeat after 2024-11-19 08:58:54.381155+00:00
[2024-11-19 09:04:04,688] {dag_processing.py:1129} INFO - Finding 'running' jobs without a recent heartbeat
[2024-11-19 09:04:04,691] {dag_processing.py:1133} INFO - Failing jobs without heartbeat after 2024-11-19 08:59:04.691344+00:00
[2024-11-19 09:04:15,014] {dag_processing.py:1129} INFO - Finding 'running' jobs without a recent heartbeat
[2024-11-19 09:04:15,016] {dag_processing.py:1133} INFO - Failing jobs without heartbeat after 2024-11-19 08:59:15.016754+00:00
[2024-11-19 09:04:25,356] {dag_processing.py:1129} INFO - Finding 'running' jobs without a recent heartbeat
[2024-11-19 09:04:25,359] {dag_processing.py:1133} INFO - Failing jobs without heartbeat after 2024-11-19 08:59:25.359217+00:00
[2024-11-19 09:04:35,681] {dag_processing.py:1129} INFO - Finding 'running' jobs without a recent heartbeat
[2024-11-19 09:04:35,683] {dag_processing.py:1133} INFO - Failing jobs without heartbeat after 2024-11-19 08:59:35.683767+00:00
[2024-11-19 09:04:44,972] {dag_processing.py:585} INFO - Exiting gracefully upon receiving signal 15
