[2024-12-04 09:00:04,180] {taskinstance.py:896} INFO - Dependencies all met for <TaskInstance: KPIs_for_Hourly.list_of_kpi 2024-12-04T08:00:00+00:00 [queued]>
[2024-12-04 09:00:04,218] {taskinstance.py:896} INFO - Dependencies all met for <TaskInstance: KPIs_for_Hourly.list_of_kpi 2024-12-04T08:00:00+00:00 [queued]>
[2024-12-04 09:00:04,218] {taskinstance.py:1087} INFO - 
--------------------------------------------------------------------------------
[2024-12-04 09:00:04,219] {taskinstance.py:1088} INFO - Starting attempt 1 of 3
[2024-12-04 09:00:04,220] {taskinstance.py:1089} INFO - 
--------------------------------------------------------------------------------
[2024-12-04 09:00:04,274] {taskinstance.py:1107} INFO - Executing <Task(PythonOperator): list_of_kpi> on 2024-12-04T08:00:00+00:00
[2024-12-04 09:00:04,278] {standard_task_runner.py:52} INFO - Started process 4887 to run task
[2024-12-04 09:00:04,282] {standard_task_runner.py:76} INFO - Running: ['airflow', 'tasks', 'run', 'KPIs_for_Hourly', 'list_of_kpi', '2024-12-04T08:00:00+00:00', '--job-id', '499', '--pool', 'default_pool', '--raw', '--subdir', 'DAGS_FOLDER/Kpi_dags/main.py', '--cfg-path', '/tmp/tmppu8b8691', '--error-file', '/tmp/tmp0ie0wdtc']
[2024-12-04 09:00:04,284] {standard_task_runner.py:77} INFO - Job 499: Subtask list_of_kpi
[2024-12-04 09:00:04,368] {logging_mixin.py:104} INFO - Running <TaskInstance: KPIs_for_Hourly.list_of_kpi 2024-12-04T08:00:00+00:00 [running]> on host 22a8df8403b9
[2024-12-04 09:00:04,522] {taskinstance.py:1300} INFO - Exporting the following env vars:
AIRFLOW_CTX_DAG_OWNER=Rule Manager
AIRFLOW_CTX_DAG_ID=KPIs_for_Hourly
AIRFLOW_CTX_TASK_ID=list_of_kpi
AIRFLOW_CTX_EXECUTION_DATE=2024-12-04T08:00:00+00:00
AIRFLOW_CTX_DAG_RUN_ID=scheduled__2024-12-04T08:00:00+00:00
[2024-12-04 09:00:04,524] {main.py:118} INFO - list of kpi's where scheduled frequency is Hourly are : ['Site Hourly Power Generation']
[2024-12-04 09:00:04,525] {main.py:119} INFO - tags used for this dag are : ('339',)
[2024-12-04 09:00:04,526] {python.py:151} INFO - Done. Returned value was: None
[2024-12-04 09:00:04,543] {taskinstance.py:1204} INFO - Marking task as SUCCESS. dag_id=KPIs_for_Hourly, task_id=list_of_kpi, execution_date=20241204T080000, start_date=20241204T090004, end_date=20241204T090004
[2024-12-04 09:00:04,684] {taskinstance.py:1265} INFO - 1 downstream tasks scheduled from follow-on schedule check
[2024-12-04 09:00:04,707] {local_task_job.py:151} INFO - Task exited with return code 0
