[2024-12-04 06:28:26,920] {taskinstance.py:896} INFO - Dependencies all met for <TaskInstance: KPIs_for_Hourly.list_of_kpi 2024-12-04T06:28:22.710473+00:00 [queued]>
[2024-12-04 06:28:26,951] {taskinstance.py:896} INFO - Dependencies all met for <TaskInstance: KPIs_for_Hourly.list_of_kpi 2024-12-04T06:28:22.710473+00:00 [queued]>
[2024-12-04 06:28:26,951] {taskinstance.py:1087} INFO - 
--------------------------------------------------------------------------------
[2024-12-04 06:28:26,952] {taskinstance.py:1088} INFO - Starting attempt 1 of 3
[2024-12-04 06:28:26,952] {taskinstance.py:1089} INFO - 
--------------------------------------------------------------------------------
[2024-12-04 06:28:27,030] {taskinstance.py:1107} INFO - Executing <Task(PythonOperator): list_of_kpi> on 2024-12-04T06:28:22.710473+00:00
[2024-12-04 06:28:27,036] {standard_task_runner.py:52} INFO - Started process 314 to run task
[2024-12-04 06:28:27,042] {standard_task_runner.py:76} INFO - Running: ['airflow', 'tasks', 'run', 'KPIs_for_Hourly', 'list_of_kpi', '2024-12-04T06:28:22.710473+00:00', '--job-id', '493', '--pool', 'default_pool', '--raw', '--subdir', 'DAGS_FOLDER/Kpi_dags/main.py', '--cfg-path', '/tmp/tmpy5ihm0ps', '--error-file', '/tmp/tmphxo7jc_6']
[2024-12-04 06:28:27,045] {standard_task_runner.py:77} INFO - Job 493: Subtask list_of_kpi
[2024-12-04 06:28:27,158] {logging_mixin.py:104} INFO - Running <TaskInstance: KPIs_for_Hourly.list_of_kpi 2024-12-04T06:28:22.710473+00:00 [running]> on host 22a8df8403b9
[2024-12-04 06:28:27,334] {taskinstance.py:1300} INFO - Exporting the following env vars:
AIRFLOW_CTX_DAG_OWNER=Rule Manager
AIRFLOW_CTX_DAG_ID=KPIs_for_Hourly
AIRFLOW_CTX_TASK_ID=list_of_kpi
AIRFLOW_CTX_EXECUTION_DATE=2024-12-04T06:28:22.710473+00:00
AIRFLOW_CTX_DAG_RUN_ID=manual__2024-12-04T06:28:22.710473+00:00
[2024-12-04 06:28:27,336] {main.py:118} INFO - list of kpi's where scheduled frequency is Hourly are : ['Site Hourly Power Generation']
[2024-12-04 06:28:27,337] {main.py:119} INFO - tags used for this dag are : ('339',)
[2024-12-04 06:28:27,338] {python.py:151} INFO - Done. Returned value was: None
[2024-12-04 06:28:27,354] {taskinstance.py:1204} INFO - Marking task as SUCCESS. dag_id=KPIs_for_Hourly, task_id=list_of_kpi, execution_date=20241204T062822, start_date=20241204T062826, end_date=20241204T062827
[2024-12-04 06:28:27,525] {taskinstance.py:1265} INFO - 1 downstream tasks scheduled from follow-on schedule check
[2024-12-04 06:28:27,550] {local_task_job.py:151} INFO - Task exited with return code 0
