[2024-12-02 10:18:10,800] {taskinstance.py:896} INFO - Dependencies all met for <TaskInstance: kpi_configurator_daily.display_kpi_data 2024-12-02T10:18:07.050189+00:00 [queued]>
[2024-12-02 10:18:10,844] {taskinstance.py:896} INFO - Dependencies all met for <TaskInstance: kpi_configurator_daily.display_kpi_data 2024-12-02T10:18:07.050189+00:00 [queued]>
[2024-12-02 10:18:10,845] {taskinstance.py:1087} INFO - 
--------------------------------------------------------------------------------
[2024-12-02 10:18:10,846] {taskinstance.py:1088} INFO - Starting attempt 1 of 3
[2024-12-02 10:18:10,847] {taskinstance.py:1089} INFO - 
--------------------------------------------------------------------------------
[2024-12-02 10:18:10,915] {taskinstance.py:1107} INFO - Executing <Task(PythonOperator): display_kpi_data> on 2024-12-02T10:18:07.050189+00:00
[2024-12-02 10:18:10,921] {standard_task_runner.py:52} INFO - Started process 6741 to run task
[2024-12-02 10:18:10,925] {standard_task_runner.py:76} INFO - Running: ['airflow', 'tasks', 'run', 'kpi_configurator_daily', 'display_kpi_data', '2024-12-02T10:18:07.050189+00:00', '--job-id', '407', '--pool', 'default_pool', '--raw', '--subdir', 'DAGS_FOLDER/Kpi_dags/main.py', '--cfg-path', '/tmp/tmpwd5ylvr2', '--error-file', '/tmp/tmp7md27xc3']
[2024-12-02 10:18:10,926] {standard_task_runner.py:77} INFO - Job 407: Subtask display_kpi_data
[2024-12-02 10:18:11,128] {logging_mixin.py:104} INFO - Running <TaskInstance: kpi_configurator_daily.display_kpi_data 2024-12-02T10:18:07.050189+00:00 [running]> on host 59507e5d9338
[2024-12-02 10:18:11,383] {taskinstance.py:1300} INFO - Exporting the following env vars:
AIRFLOW_CTX_DAG_OWNER=Rule Manager
AIRFLOW_CTX_DAG_ID=kpi_configurator_daily
AIRFLOW_CTX_TASK_ID=display_kpi_data
AIRFLOW_CTX_EXECUTION_DATE=2024-12-02T10:18:07.050189+00:00
AIRFLOW_CTX_DAG_RUN_ID=manual__2024-12-02T10:18:07.050189+00:00
[2024-12-02 10:18:11,385] {logging_mixin.py:104} INFO - this is th conn_id for postgres db : kpi_table_connection
[2024-12-02 10:18:11,405] {main.py:46} INFO - Scheduling Frequencies: None
[2024-12-02 10:18:11,405] {python.py:151} INFO - Done. Returned value was: None
[2024-12-02 10:18:11,429] {taskinstance.py:1204} INFO - Marking task as SUCCESS. dag_id=kpi_configurator_daily, task_id=display_kpi_data, execution_date=20241202T101807, start_date=20241202T101810, end_date=20241202T101811
[2024-12-02 10:18:11,543] {taskinstance.py:1265} INFO - 0 downstream tasks scheduled from follow-on schedule check
[2024-12-02 10:18:11,555] {local_task_job.py:151} INFO - Task exited with return code 0
