[2024-12-04 06:05:04,528] {taskinstance.py:896} INFO - Dependencies all met for <TaskInstance: KPIs_for_5_Minutes.list_of_kpi 2024-12-04T06:00:00+00:00 [queued]>
[2024-12-04 06:05:04,562] {taskinstance.py:896} INFO - Dependencies all met for <TaskInstance: KPIs_for_5_Minutes.list_of_kpi 2024-12-04T06:00:00+00:00 [queued]>
[2024-12-04 06:05:04,563] {taskinstance.py:1087} INFO - 
--------------------------------------------------------------------------------
[2024-12-04 06:05:04,563] {taskinstance.py:1088} INFO - Starting attempt 1 of 3
[2024-12-04 06:05:04,565] {taskinstance.py:1089} INFO - 
--------------------------------------------------------------------------------
[2024-12-04 06:05:04,654] {taskinstance.py:1107} INFO - Executing <Task(PythonOperator): list_of_kpi> on 2024-12-04T06:00:00+00:00
[2024-12-04 06:05:04,658] {standard_task_runner.py:52} INFO - Started process 1586 to run task
[2024-12-04 06:05:04,663] {standard_task_runner.py:76} INFO - Running: ['airflow', 'tasks', 'run', 'KPIs_for_5_Minutes', 'list_of_kpi', '2024-12-04T06:00:00+00:00', '--job-id', '478', '--pool', 'default_pool', '--raw', '--subdir', 'DAGS_FOLDER/Kpi_dags/main.py', '--cfg-path', '/tmp/tmpqg24w8_9', '--error-file', '/tmp/tmp5qzxzkgu']
[2024-12-04 06:05:04,664] {standard_task_runner.py:77} INFO - Job 478: Subtask list_of_kpi
[2024-12-04 06:05:04,796] {logging_mixin.py:104} INFO - Running <TaskInstance: KPIs_for_5_Minutes.list_of_kpi 2024-12-04T06:00:00+00:00 [running]> on host ca28183b9a80
[2024-12-04 06:05:05,023] {taskinstance.py:1300} INFO - Exporting the following env vars:
AIRFLOW_CTX_DAG_OWNER=Rule Manager
AIRFLOW_CTX_DAG_ID=KPIs_for_5_Minutes
AIRFLOW_CTX_TASK_ID=list_of_kpi
AIRFLOW_CTX_EXECUTION_DATE=2024-12-04T06:00:00+00:00
AIRFLOW_CTX_DAG_RUN_ID=scheduled__2024-12-04T06:00:00+00:00
[2024-12-04 06:05:05,027] {main.py:115} INFO - list of kpi's where scheduled frequency is 5_Minutes are : ['Generation loss']
[2024-12-04 06:05:05,028] {main.py:116} INFO - tags used for this dag are : ('339',)
[2024-12-04 06:05:05,030] {python.py:151} INFO - Done. Returned value was: None
[2024-12-04 06:05:05,061] {taskinstance.py:1204} INFO - Marking task as SUCCESS. dag_id=KPIs_for_5_Minutes, task_id=list_of_kpi, execution_date=20241204T060000, start_date=20241204T060504, end_date=20241204T060505
[2024-12-04 06:05:05,227] {taskinstance.py:1265} INFO - 1 downstream tasks scheduled from follow-on schedule check
[2024-12-04 06:05:05,252] {local_task_job.py:151} INFO - Task exited with return code 0
