[2024-11-22 05:13:55,643] {taskinstance.py:896} INFO - Dependencies all met for <TaskInstance: kpi_calculation_pipeline.calculate_kpi 2024-11-22T05:07:44.016830+00:00 [queued]>
[2024-11-22 05:13:55,678] {taskinstance.py:896} INFO - Dependencies all met for <TaskInstance: kpi_calculation_pipeline.calculate_kpi 2024-11-22T05:07:44.016830+00:00 [queued]>
[2024-11-22 05:13:55,680] {taskinstance.py:1087} INFO - 
--------------------------------------------------------------------------------
[2024-11-22 05:13:55,681] {taskinstance.py:1088} INFO - Starting attempt 2 of 2
[2024-11-22 05:13:55,682] {taskinstance.py:1089} INFO - 
--------------------------------------------------------------------------------
[2024-11-22 05:13:55,753] {taskinstance.py:1107} INFO - Executing <Task(PythonOperator): calculate_kpi> on 2024-11-22T05:07:44.016830+00:00
[2024-11-22 05:13:55,758] {standard_task_runner.py:52} INFO - Started process 916 to run task
[2024-11-22 05:13:55,761] {standard_task_runner.py:76} INFO - Running: ['airflow', 'tasks', 'run', 'kpi_calculation_pipeline', 'calculate_kpi', '2024-11-22T05:07:44.016830+00:00', '--job-id', '258', '--pool', 'default_pool', '--raw', '--subdir', 'DAGS_FOLDER/data_injestion_dag/bazefield_kpi_calculation.py', '--cfg-path', '/tmp/tmptna98_3a', '--error-file', '/tmp/tmp1h2xfa4c']
[2024-11-22 05:13:55,763] {standard_task_runner.py:77} INFO - Job 258: Subtask calculate_kpi
[2024-11-22 05:13:55,876] {logging_mixin.py:104} INFO - Running <TaskInstance: kpi_calculation_pipeline.calculate_kpi 2024-11-22T05:07:44.016830+00:00 [running]> on host 1b505405454d
[2024-11-22 05:13:55,987] {taskinstance.py:1300} INFO - Exporting the following env vars:
AIRFLOW_CTX_DAG_OWNER=airflow
AIRFLOW_CTX_DAG_ID=kpi_calculation_pipeline
AIRFLOW_CTX_TASK_ID=calculate_kpi
AIRFLOW_CTX_EXECUTION_DATE=2024-11-22T05:07:44.016830+00:00
AIRFLOW_CTX_DAG_RUN_ID=scheduled__2024-11-22T05:07:44.016830+00:00
[2024-11-22 05:13:56,031] {logging_mixin.py:104} INFO -       SystemName           Timestamp  ActivePower
0    MAN-001_498 2024-11-22 04:00:00   446.662793
1    MAN-001_498 2024-11-22 04:10:00   776.419678
2    MAN-001_498 2024-11-22 04:20:00   541.879009
3    MAN-001_498 2024-11-22 04:30:00   258.881601
4    MAN-001_498 2024-11-22 04:40:00   298.919313
..           ...                 ...          ...
613  MAN-105_082 2024-11-22 04:10:00  1155.734077
614  MAN-105_082 2024-11-22 04:20:00  1055.290691
615  MAN-105_082 2024-11-22 04:30:00   574.891684
616  MAN-105_082 2024-11-22 04:40:00   424.105532
617  MAN-105_082 2024-11-22 04:50:00   668.201818

[618 rows x 3 columns]
[2024-11-22 05:13:56,032] {taskinstance.py:1501} ERROR - Task failed with exception
Traceback (most recent call last):
  File "/home/airflow/.local/lib/python3.8/site-packages/airflow/models/taskinstance.py", line 1157, in _run_raw_task
    self._prepare_and_execute_task_with_callbacks(context, task)
  File "/home/airflow/.local/lib/python3.8/site-packages/airflow/models/taskinstance.py", line 1331, in _prepare_and_execute_task_with_callbacks
    result = self._execute_task(context, task_copy)
  File "/home/airflow/.local/lib/python3.8/site-packages/airflow/models/taskinstance.py", line 1361, in _execute_task
    result = task_copy.execute(context=context)
  File "/home/airflow/.local/lib/python3.8/site-packages/airflow/operators/python.py", line 150, in execute
    return_value = self.execute_callable()
  File "/home/airflow/.local/lib/python3.8/site-packages/airflow/operators/python.py", line 161, in execute_callable
    return self.python_callable(*self.op_args, **self.op_kwargs)
  File "/opt/airflow/dags/data_injestion_dag/bazefield_kpi_calculation.py", line 310, in calculate_kpi
    kpi = sum(theoretical_powers) / (3600 * 1000)
NameError: name 'theoretical_powers' is not defined
[2024-11-22 05:13:56,037] {taskinstance.py:1544} INFO - Marking task as FAILED. dag_id=kpi_calculation_pipeline, task_id=calculate_kpi, execution_date=20241122T050744, start_date=20241122T051355, end_date=20241122T051356
[2024-11-22 05:13:56,147] {local_task_job.py:151} INFO - Task exited with return code 1
