[2024-12-02 10:53:03,924] {taskinstance.py:896} INFO - Dependencies all met for <TaskInstance: kpi_configurator_1_Minutes.display_kpi_data 2024-12-02T10:52:00+00:00 [queued]>
[2024-12-02 10:53:03,953] {taskinstance.py:896} INFO - Dependencies all met for <TaskInstance: kpi_configurator_1_Minutes.display_kpi_data 2024-12-02T10:52:00+00:00 [queued]>
[2024-12-02 10:53:03,954] {taskinstance.py:1087} INFO - 
--------------------------------------------------------------------------------
[2024-12-02 10:53:03,955] {taskinstance.py:1088} INFO - Starting attempt 1 of 3
[2024-12-02 10:53:03,956] {taskinstance.py:1089} INFO - 
--------------------------------------------------------------------------------
[2024-12-02 10:53:04,040] {taskinstance.py:1107} INFO - Executing <Task(PythonOperator): display_kpi_data> on 2024-12-02T10:52:00+00:00
[2024-12-02 10:53:04,044] {standard_task_runner.py:52} INFO - Started process 7798 to run task
[2024-12-02 10:53:04,048] {standard_task_runner.py:76} INFO - Running: ['airflow', 'tasks', 'run', 'kpi_configurator_1_Minutes', 'display_kpi_data', '2024-12-02T10:52:00+00:00', '--job-id', '408', '--pool', 'default_pool', '--raw', '--subdir', 'DAGS_FOLDER/Kpi_dags/main.py', '--cfg-path', '/tmp/tmp4olhml81', '--error-file', '/tmp/tmp6203_pta']
[2024-12-02 10:53:04,050] {standard_task_runner.py:77} INFO - Job 408: Subtask display_kpi_data
[2024-12-02 10:53:04,167] {logging_mixin.py:104} INFO - Running <TaskInstance: kpi_configurator_1_Minutes.display_kpi_data 2024-12-02T10:52:00+00:00 [running]> on host 59507e5d9338
[2024-12-02 10:53:04,373] {taskinstance.py:1300} INFO - Exporting the following env vars:
AIRFLOW_CTX_DAG_OWNER=Rule Manager
AIRFLOW_CTX_DAG_ID=kpi_configurator_1_Minutes
AIRFLOW_CTX_TASK_ID=display_kpi_data
AIRFLOW_CTX_EXECUTION_DATE=2024-12-02T10:52:00+00:00
AIRFLOW_CTX_DAG_RUN_ID=scheduled__2024-12-02T10:52:00+00:00
[2024-12-02 10:53:04,375] {logging_mixin.py:104} INFO - Hello World
[2024-12-02 10:53:04,376] {python.py:151} INFO - Done. Returned value was: None
[2024-12-02 10:53:04,395] {taskinstance.py:1204} INFO - Marking task as SUCCESS. dag_id=kpi_configurator_1_Minutes, task_id=display_kpi_data, execution_date=20241202T105200, start_date=20241202T105303, end_date=20241202T105304
[2024-12-02 10:53:04,503] {taskinstance.py:1265} INFO - 0 downstream tasks scheduled from follow-on schedule check
[2024-12-02 10:53:04,514] {local_task_job.py:151} INFO - Task exited with return code 0
