[2024-11-29 11:15:53,402] {scheduler_job.py:182} INFO - Started process (PID=39) to work on /opt/airflow/dags/data_injestion_dag/bazefield_kpi_calculation.py
[2024-11-29 11:15:53,403] {scheduler_job.py:633} INFO - Processing file /opt/airflow/dags/data_injestion_dag/bazefield_kpi_calculation.py for tasks to queue
[2024-11-29 11:15:53,404] {logging_mixin.py:104} INFO - [2024-11-29 11:15:53,404] {dagbag.py:496} INFO - Filling up the DagBag from /opt/airflow/dags/data_injestion_dag/bazefield_kpi_calculation.py
[2024-11-29 11:15:54,087] {scheduler_job.py:643} INFO - DAG(s) dict_keys(['kpi_calculation_pipeline']) retrieved from /opt/airflow/dags/data_injestion_dag/bazefield_kpi_calculation.py
[2024-11-29 11:15:54,135] {logging_mixin.py:104} INFO - [2024-11-29 11:15:54,135] {dag.py:1833} INFO - Sync 1 DAGs
[2024-11-29 11:15:54,181] {logging_mixin.py:104} INFO - [2024-11-29 11:15:54,181] {dag.py:2306} INFO - Setting next_dagrun for kpi_calculation_pipeline to 2024-11-22T14:05:00+00:00
[2024-11-29 11:15:54,266] {scheduler_job.py:190} INFO - Processing /opt/airflow/dags/data_injestion_dag/bazefield_kpi_calculation.py took 0.868 seconds
[2024-11-29 11:16:53,054] {scheduler_job.py:182} INFO - Started process (PID=135) to work on /opt/airflow/dags/data_injestion_dag/bazefield_kpi_calculation.py
[2024-11-29 11:16:53,056] {scheduler_job.py:633} INFO - Processing file /opt/airflow/dags/data_injestion_dag/bazefield_kpi_calculation.py for tasks to queue
[2024-11-29 11:16:53,058] {logging_mixin.py:104} INFO - [2024-11-29 11:16:53,058] {dagbag.py:496} INFO - Filling up the DagBag from /opt/airflow/dags/data_injestion_dag/bazefield_kpi_calculation.py
[2024-11-29 11:16:53,490] {scheduler_job.py:643} INFO - DAG(s) dict_keys(['kpi_calculation_pipeline']) retrieved from /opt/airflow/dags/data_injestion_dag/bazefield_kpi_calculation.py
[2024-11-29 11:16:53,523] {logging_mixin.py:104} INFO - [2024-11-29 11:16:53,523] {dag.py:1833} INFO - Sync 1 DAGs
[2024-11-29 11:16:53,562] {logging_mixin.py:104} INFO - [2024-11-29 11:16:53,562] {dag.py:2306} INFO - Setting next_dagrun for kpi_calculation_pipeline to 2024-11-22T17:05:00+00:00
[2024-11-29 11:16:53,642] {scheduler_job.py:190} INFO - Processing /opt/airflow/dags/data_injestion_dag/bazefield_kpi_calculation.py took 0.591 seconds
[2024-11-29 11:17:33,730] {scheduler_job.py:182} INFO - Started process (PID=241) to work on /opt/airflow/dags/data_injestion_dag/bazefield_kpi_calculation.py
[2024-11-29 11:17:33,731] {scheduler_job.py:633} INFO - Processing file /opt/airflow/dags/data_injestion_dag/bazefield_kpi_calculation.py for tasks to queue
[2024-11-29 11:17:33,732] {logging_mixin.py:104} INFO - [2024-11-29 11:17:33,732] {dagbag.py:496} INFO - Filling up the DagBag from /opt/airflow/dags/data_injestion_dag/bazefield_kpi_calculation.py
[2024-11-29 11:17:34,148] {scheduler_job.py:643} INFO - DAG(s) dict_keys(['kpi_calculation_pipeline']) retrieved from /opt/airflow/dags/data_injestion_dag/bazefield_kpi_calculation.py
[2024-11-29 11:17:34,183] {logging_mixin.py:104} INFO - [2024-11-29 11:17:34,183] {dag.py:1833} INFO - Sync 1 DAGs
[2024-11-29 11:17:34,218] {logging_mixin.py:104} INFO - [2024-11-29 11:17:34,218] {dag.py:2306} INFO - Setting next_dagrun for kpi_calculation_pipeline to 2024-11-22T20:05:00+00:00
[2024-11-29 11:17:34,287] {scheduler_job.py:190} INFO - Processing /opt/airflow/dags/data_injestion_dag/bazefield_kpi_calculation.py took 0.560 seconds
