[2024-11-22 05:37:55,093] {taskinstance.py:896} INFO - Dependencies all met for <TaskInstance: kpi_calculation_pipeline.calculate_kpi 2024-11-22T05:32:44.016830+00:00 [queued]>
[2024-11-22 05:37:55,132] {taskinstance.py:896} INFO - Dependencies all met for <TaskInstance: kpi_calculation_pipeline.calculate_kpi 2024-11-22T05:32:44.016830+00:00 [queued]>
[2024-11-22 05:37:55,133] {taskinstance.py:1087} INFO - 
--------------------------------------------------------------------------------
[2024-11-22 05:37:55,134] {taskinstance.py:1088} INFO - Starting attempt 1 of 2
[2024-11-22 05:37:55,135] {taskinstance.py:1089} INFO - 
--------------------------------------------------------------------------------
[2024-11-22 05:37:55,213] {taskinstance.py:1107} INFO - Executing <Task(PythonOperator): calculate_kpi> on 2024-11-22T05:32:44.016830+00:00
[2024-11-22 05:37:55,219] {standard_task_runner.py:52} INFO - Started process 1840 to run task
[2024-11-22 05:37:55,224] {standard_task_runner.py:76} INFO - Running: ['airflow', 'tasks', 'run', 'kpi_calculation_pipeline', 'calculate_kpi', '2024-11-22T05:32:44.016830+00:00', '--job-id', '276', '--pool', 'default_pool', '--raw', '--subdir', 'DAGS_FOLDER/data_injestion_dag/bazefield_kpi_calculation.py', '--cfg-path', '/tmp/tmpkcak91c7', '--error-file', '/tmp/tmp5shgm7bp']
[2024-11-22 05:37:55,226] {standard_task_runner.py:77} INFO - Job 276: Subtask calculate_kpi
[2024-11-22 05:37:55,351] {logging_mixin.py:104} INFO - Running <TaskInstance: kpi_calculation_pipeline.calculate_kpi 2024-11-22T05:32:44.016830+00:00 [running]> on host 1b505405454d
[2024-11-22 05:37:55,647] {taskinstance.py:1300} INFO - Exporting the following env vars:
AIRFLOW_CTX_DAG_OWNER=airflow
AIRFLOW_CTX_DAG_ID=kpi_calculation_pipeline
AIRFLOW_CTX_TASK_ID=calculate_kpi
AIRFLOW_CTX_EXECUTION_DATE=2024-11-22T05:32:44.016830+00:00
AIRFLOW_CTX_DAG_RUN_ID=scheduled__2024-11-22T05:32:44.016830+00:00
[2024-11-22 05:37:55,702] {logging_mixin.py:104} INFO - maniyachi site generation for this hour : 58740.99220640664
[2024-11-22 05:37:55,795] {python.py:151} INFO - Done. Returned value was: None
[2024-11-22 05:37:55,823] {taskinstance.py:1204} INFO - Marking task as SUCCESS. dag_id=kpi_calculation_pipeline, task_id=calculate_kpi, execution_date=20241122T053244, start_date=20241122T053755, end_date=20241122T053755
[2024-11-22 05:37:55,993] {taskinstance.py:1265} INFO - 1 downstream tasks scheduled from follow-on schedule check
[2024-11-22 05:37:56,018] {local_task_job.py:151} INFO - Task exited with return code 0
