[2024-11-22 05:42:53,805] {taskinstance.py:896} INFO - Dependencies all met for <TaskInstance: kpi_calculation_pipeline.calculate_kpi 2024-11-22T05:37:44.016830+00:00 [queued]>
[2024-11-22 05:42:53,926] {taskinstance.py:896} INFO - Dependencies all met for <TaskInstance: kpi_calculation_pipeline.calculate_kpi 2024-11-22T05:37:44.016830+00:00 [queued]>
[2024-11-22 05:42:53,928] {taskinstance.py:1087} INFO - 
--------------------------------------------------------------------------------
[2024-11-22 05:42:53,928] {taskinstance.py:1088} INFO - Starting attempt 1 of 2
[2024-11-22 05:42:53,929] {taskinstance.py:1089} INFO - 
--------------------------------------------------------------------------------
[2024-11-22 05:42:53,998] {taskinstance.py:1107} INFO - Executing <Task(PythonOperator): calculate_kpi> on 2024-11-22T05:37:44.016830+00:00
[2024-11-22 05:42:54,003] {standard_task_runner.py:52} INFO - Started process 2064 to run task
[2024-11-22 05:42:54,008] {standard_task_runner.py:76} INFO - Running: ['airflow', 'tasks', 'run', 'kpi_calculation_pipeline', 'calculate_kpi', '2024-11-22T05:37:44.016830+00:00', '--job-id', '284', '--pool', 'default_pool', '--raw', '--subdir', 'DAGS_FOLDER/data_injestion_dag/bazefield_kpi_calculation.py', '--cfg-path', '/tmp/tmpiwwmy01b', '--error-file', '/tmp/tmpiadz88f0']
[2024-11-22 05:42:54,009] {standard_task_runner.py:77} INFO - Job 284: Subtask calculate_kpi
[2024-11-22 05:42:54,149] {logging_mixin.py:104} INFO - Running <TaskInstance: kpi_calculation_pipeline.calculate_kpi 2024-11-22T05:37:44.016830+00:00 [running]> on host 1b505405454d
[2024-11-22 05:42:54,397] {taskinstance.py:1300} INFO - Exporting the following env vars:
AIRFLOW_CTX_DAG_OWNER=airflow
AIRFLOW_CTX_DAG_ID=kpi_calculation_pipeline
AIRFLOW_CTX_TASK_ID=calculate_kpi
AIRFLOW_CTX_EXECUTION_DATE=2024-11-22T05:37:44.016830+00:00
AIRFLOW_CTX_DAG_RUN_ID=scheduled__2024-11-22T05:37:44.016830+00:00
[2024-11-22 05:42:54,450] {logging_mixin.py:104} INFO - maniyachi site generation for this hour : 58740.99220640664
[2024-11-22 05:42:54,524] {python.py:151} INFO - Done. Returned value was: None
[2024-11-22 05:42:54,553] {taskinstance.py:1204} INFO - Marking task as SUCCESS. dag_id=kpi_calculation_pipeline, task_id=calculate_kpi, execution_date=20241122T053744, start_date=20241122T054253, end_date=20241122T054254
[2024-11-22 05:42:54,752] {taskinstance.py:1265} INFO - 1 downstream tasks scheduled from follow-on schedule check
[2024-11-22 05:42:54,800] {local_task_job.py:151} INFO - Task exited with return code 0
