[2024-12-04 06:12:05,403] {taskinstance.py:896} INFO - Dependencies all met for <TaskInstance: KPIs_for_5_Minutes.list_of_kpi 2024-12-04T06:12:01.387076+00:00 [queued]>
[2024-12-04 06:12:05,457] {taskinstance.py:896} INFO - Dependencies all met for <TaskInstance: KPIs_for_5_Minutes.list_of_kpi 2024-12-04T06:12:01.387076+00:00 [queued]>
[2024-12-04 06:12:05,458] {taskinstance.py:1087} INFO - 
--------------------------------------------------------------------------------
[2024-12-04 06:12:05,459] {taskinstance.py:1088} INFO - Starting attempt 1 of 3
[2024-12-04 06:12:05,460] {taskinstance.py:1089} INFO - 
--------------------------------------------------------------------------------
[2024-12-04 06:12:05,572] {taskinstance.py:1107} INFO - Executing <Task(PythonOperator): list_of_kpi> on 2024-12-04T06:12:01.387076+00:00
[2024-12-04 06:12:05,577] {standard_task_runner.py:52} INFO - Started process 1886 to run task
[2024-12-04 06:12:05,583] {standard_task_runner.py:76} INFO - Running: ['airflow', 'tasks', 'run', 'KPIs_for_5_Minutes', 'list_of_kpi', '2024-12-04T06:12:01.387076+00:00', '--job-id', '484', '--pool', 'default_pool', '--raw', '--subdir', 'DAGS_FOLDER/Kpi_dags/main.py', '--cfg-path', '/tmp/tmpad442apu', '--error-file', '/tmp/tmpk8yrx2ve']
[2024-12-04 06:12:05,585] {standard_task_runner.py:77} INFO - Job 484: Subtask list_of_kpi
[2024-12-04 06:12:05,804] {logging_mixin.py:104} INFO - Running <TaskInstance: KPIs_for_5_Minutes.list_of_kpi 2024-12-04T06:12:01.387076+00:00 [running]> on host ca28183b9a80
[2024-12-04 06:12:06,115] {taskinstance.py:1300} INFO - Exporting the following env vars:
AIRFLOW_CTX_DAG_OWNER=Rule Manager
AIRFLOW_CTX_DAG_ID=KPIs_for_5_Minutes
AIRFLOW_CTX_TASK_ID=list_of_kpi
AIRFLOW_CTX_EXECUTION_DATE=2024-12-04T06:12:01.387076+00:00
AIRFLOW_CTX_DAG_RUN_ID=manual__2024-12-04T06:12:01.387076+00:00
[2024-12-04 06:12:06,118] {main.py:116} INFO - list of kpi's where scheduled frequency is 5_Minutes are : ['Generation loss']
[2024-12-04 06:12:06,120] {main.py:117} INFO - tags used for this dag are : ('339',)
[2024-12-04 06:12:06,120] {python.py:151} INFO - Done. Returned value was: None
[2024-12-04 06:12:06,156] {taskinstance.py:1204} INFO - Marking task as SUCCESS. dag_id=KPIs_for_5_Minutes, task_id=list_of_kpi, execution_date=20241204T061201, start_date=20241204T061205, end_date=20241204T061206
[2024-12-04 06:12:06,428] {taskinstance.py:1265} INFO - 1 downstream tasks scheduled from follow-on schedule check
[2024-12-04 06:12:06,459] {local_task_job.py:151} INFO - Task exited with return code 0
