[2024-12-03 05:21:05,487] {taskinstance.py:896} INFO - Dependencies all met for <TaskInstance: KPIs_for_1_Minutes.Hello_world 2024-12-03T05:20:00+00:00 [queued]>
[2024-12-03 05:21:05,570] {taskinstance.py:896} INFO - Dependencies all met for <TaskInstance: KPIs_for_1_Minutes.Hello_world 2024-12-03T05:20:00+00:00 [queued]>
[2024-12-03 05:21:05,572] {taskinstance.py:1087} INFO - 
--------------------------------------------------------------------------------
[2024-12-03 05:21:05,573] {taskinstance.py:1088} INFO - Starting attempt 1 of 3
[2024-12-03 05:21:05,574] {taskinstance.py:1089} INFO - 
--------------------------------------------------------------------------------
[2024-12-03 05:21:05,668] {taskinstance.py:1107} INFO - Executing <Task(PythonOperator): Hello_world> on 2024-12-03T05:20:00+00:00
[2024-12-03 05:21:05,676] {standard_task_runner.py:52} INFO - Started process 756 to run task
[2024-12-03 05:21:05,681] {standard_task_runner.py:76} INFO - Running: ['airflow', 'tasks', 'run', 'KPIs_for_1_Minutes', 'Hello_world', '2024-12-03T05:20:00+00:00', '--job-id', '423', '--pool', 'default_pool', '--raw', '--subdir', 'DAGS_FOLDER/Kpi_dags/main.py', '--cfg-path', '/tmp/tmpiqaj9mo1', '--error-file', '/tmp/tmpx42hvim1']
[2024-12-03 05:21:05,683] {standard_task_runner.py:77} INFO - Job 423: Subtask Hello_world
[2024-12-03 05:21:05,844] {logging_mixin.py:104} INFO - Running <TaskInstance: KPIs_for_1_Minutes.Hello_world 2024-12-03T05:20:00+00:00 [running]> on host 4dee9495e4cc
[2024-12-03 05:21:06,065] {taskinstance.py:1300} INFO - Exporting the following env vars:
AIRFLOW_CTX_DAG_OWNER=Rule Manager
AIRFLOW_CTX_DAG_ID=KPIs_for_1_Minutes
AIRFLOW_CTX_TASK_ID=Hello_world
AIRFLOW_CTX_EXECUTION_DATE=2024-12-03T05:20:00+00:00
AIRFLOW_CTX_DAG_RUN_ID=scheduled__2024-12-03T05:20:00+00:00
[2024-12-03 05:21:06,067] {main.py:51} INFO - Hello World
[2024-12-03 05:21:06,068] {python.py:151} INFO - Done. Returned value was: None
[2024-12-03 05:21:06,091] {taskinstance.py:1204} INFO - Marking task as SUCCESS. dag_id=KPIs_for_1_Minutes, task_id=Hello_world, execution_date=20241203T052000, start_date=20241203T052105, end_date=20241203T052106
[2024-12-03 05:21:06,211] {taskinstance.py:1265} INFO - 0 downstream tasks scheduled from follow-on schedule check
[2024-12-03 05:21:06,228] {local_task_job.py:151} INFO - Task exited with return code 0
[2024-12-03 05:21:06,297] {dagrun.py:444} INFO - Marking run <DagRun KPIs_for_1_Minutes @ 2024-12-03 05:20:00+00:00: scheduled__2024-12-03T05:20:00+00:00, externally triggered: False> successful
