[2024-11-29 11:16:06,298] {taskinstance.py:896} INFO - Dependencies all met for <TaskInstance: kpi_calculation_pipeline.calculate_kpi 2024-11-22T13:05:00+00:00 [queued]>
[2024-11-29 11:16:06,392] {taskinstance.py:896} INFO - Dependencies all met for <TaskInstance: kpi_calculation_pipeline.calculate_kpi 2024-11-22T13:05:00+00:00 [queued]>
[2024-11-29 11:16:06,393] {taskinstance.py:1087} INFO - 
--------------------------------------------------------------------------------
[2024-11-29 11:16:06,395] {taskinstance.py:1088} INFO - Starting attempt 1 of 2
[2024-11-29 11:16:06,397] {taskinstance.py:1089} INFO - 
--------------------------------------------------------------------------------
[2024-11-29 11:16:06,572] {taskinstance.py:1107} INFO - Executing <Task(PythonOperator): calculate_kpi> on 2024-11-22T13:05:00+00:00
[2024-11-29 11:16:06,579] {standard_task_runner.py:52} INFO - Started process 66 to run task
[2024-11-29 11:16:06,587] {standard_task_runner.py:76} INFO - Running: ['airflow', 'tasks', 'run', 'kpi_calculation_pipeline', 'calculate_kpi', '2024-11-22T13:05:00+00:00', '--job-id', '364', '--pool', 'default_pool', '--raw', '--subdir', 'DAGS_FOLDER/data_injestion_dag/bazefield_kpi_calculation.py', '--cfg-path', '/tmp/tmpx8pvtb9o', '--error-file', '/tmp/tmp_o2_bri4']
[2024-11-29 11:16:06,590] {standard_task_runner.py:77} INFO - Job 364: Subtask calculate_kpi
[2024-11-29 11:16:06,931] {logging_mixin.py:104} INFO - Running <TaskInstance: kpi_calculation_pipeline.calculate_kpi 2024-11-22T13:05:00+00:00 [running]> on host 3f28a2ef9091
[2024-11-29 11:16:07,523] {taskinstance.py:1300} INFO - Exporting the following env vars:
AIRFLOW_CTX_DAG_OWNER=airflow
AIRFLOW_CTX_DAG_ID=kpi_calculation_pipeline
AIRFLOW_CTX_TASK_ID=calculate_kpi
AIRFLOW_CTX_EXECUTION_DATE=2024-11-22T13:05:00+00:00
AIRFLOW_CTX_DAG_RUN_ID=scheduled__2024-11-22T13:05:00+00:00
[2024-11-29 11:16:07,728] {logging_mixin.py:104} INFO - maniyachi site generation for this hour : 2986.8371260523
[2024-11-29 11:16:07,965] {python.py:151} INFO - Done. Returned value was: None
[2024-11-29 11:16:08,027] {taskinstance.py:1204} INFO - Marking task as SUCCESS. dag_id=kpi_calculation_pipeline, task_id=calculate_kpi, execution_date=20241122T130500, start_date=20241129T111606, end_date=20241129T111608
[2024-11-29 11:16:08,403] {taskinstance.py:1265} INFO - 1 downstream tasks scheduled from follow-on schedule check
[2024-11-29 11:16:08,423] {local_task_job.py:151} INFO - Task exited with return code 0
